----------------------------------------
Begin Torque Prologue (Tue Jan 17 11:27:36 2017)
Job ID:           5355317.cc-mgmt1.campuscluster.illinois.edu
Username:         csnrsgr2
Group:            mechse_jbfreund
Job Name:         PostProc.7
Limits:           neednodes=1:ppn=1,nodes=1:ppn=1,walltime=00:05:00
Job Queue:        test
Account:          mechse
Nodes:            taub217
End Torque Prologue
----------------------------------------
Assembling posterior distribution...
Looping over CSI directories and P-rep files...

outs/prep/7D/CSI2/gri30.prep.217.dat does not exist...

outs/prep/7D/CSI5/gri30.prep.47.dat does not exist...

outs/prep/7D/CSI5/gri30.prep.50.dat does not exist...

outs/prep/7D/CSI5/gri30.prep.52.dat does not exist...

outs/prep/7D/CSI5/gri30.prep.160.dat does not exist...

outs/prep/7D/CSI5/gri30.prep.171.dat does not exist...

outs/prep/7D/CSI5/gri30.prep.183.dat does not exist...

outs/prep/7D/CSI5/gri30.prep.186.dat does not exist...

outs/prep/7D/CSI5/gri30.prep.190.dat does not exist...

outs/prep/7D/CSI7/gri30.prep.50.dat does not exist...

outs/prep/7D/CSI7/gri30.prep.71.dat does not exist...

outs/prep/7D/CSI8/gri30.prep.195.dat does not exist...

outs/prep/7D/CSI9/gri30.prep.38.dat does not exist...

outs/prep/7D/CSI9/gri30.prep.74.dat does not exist...

outs/prep/7D/CSI9/gri30.prep.131.dat does not exist...

outs/prep/7D/CSI9/gri30.prep.147.dat does not exist...

outs/prep/7D/CSI22/gri30.prep.207.dat does not exist...

outs/prep/7D/CSI23/gri30.prep.49.dat does not exist...

outs/prep/7D/CSI24/gri30.prep.159.dat does not exist...

outs/prep/7D/CSI26/gri30.prep.97.dat does not exist...

outs/prep/7D/CSI26/gri30.prep.119.dat does not exist...

outs/prep/7D/CSI26/gri30.prep.123.dat does not exist...

outs/prep/7D/CSI26/gri30.prep.131.dat does not exist...

outs/prep/7D/CSI26/gri30.prep.145.dat does not exist...

outs/prep/7D/CSI26/gri30.prep.183.dat does not exist...

outs/prep/7D/CSI26/gri30.prep.199.dat does not exist...

outs/prep/7D/CSI26/gri30.prep.204.dat does not exist...

outs/prep/7D/CSI27/gri30.prep.12.dat does not exist...

outs/prep/7D/CSI30/gri30.prep.63.dat does not exist...

outs/prep/7D/CSI30/gri30.prep.70.dat does not exist...

outs/prep/7D/CSI30/gri30.prep.75.dat does not exist...

outs/prep/7D/CSI30/gri30.prep.79.dat does not exist...

outs/prep/7D/CSI30/gri30.prep.89.dat does not exist...

outs/prep/7D/CSI30/gri30.prep.92.dat does not exist...

outs/prep/7D/CSI30/gri30.prep.94.dat does not exist...

outs/prep/7D/CSI30/gri30.prep.95.dat does not exist...

outs/prep/7D/CSI30/gri30.prep.123.dat does not exist...

outs/prep/7D/CSI30/gri30.prep.133.dat does not exist...

outs/prep/7D/CSI30/gri30.prep.134.dat does not exist...

outs/prep/7D/CSI30/gri30.prep.136.dat does not exist...

outs/prep/7D/CSI31/gri30.prep.196.dat does not exist...

outs/prep/7D/CSI31/gri30.prep.197.dat does not exist...

outs/prep/7D/CSI32/gri30.prep.33.dat does not exist...

outs/prep/7D/CSI32/gri30.prep.56.dat does not exist...

outs/prep/7D/CSI32/gri30.prep.59.dat does not exist...

outs/prep/7D/CSI32/gri30.prep.88.dat does not exist...

outs/prep/7D/CSI32/gri30.prep.89.dat does not exist...

outs/prep/7D/CSI32/gri30.prep.102.dat does not exist...

outs/prep/7D/CSI32/gri30.prep.107.dat does not exist...

outs/prep/7D/CSI32/gri30.prep.124.dat does not exist...

outs/prep/7D/CSI32/gri30.prep.131.dat does not exist...

outs/prep/7D/CSI32/gri30.prep.138.dat does not exist...

outs/prep/7D/CSI32/gri30.prep.142.dat does not exist...

outs/prep/7D/CSI32/gri30.prep.144.dat does not exist...

outs/prep/7D/CSI32/gri30.prep.150.dat does not exist...

outs/prep/7D/CSI32/gri30.prep.170.dat does not exist...

outs/prep/7D/CSI32/gri30.prep.180.dat does not exist...

outs/prep/7D/CSI32/gri30.prep.182.dat does not exist...

outs/prep/7D/CSI32/gri30.prep.188.dat does not exist...

outs/prep/7D/CSI32/gri30.prep.203.dat does not exist...

outs/prep/7D/CSI32/gri30.prep.207.dat does not exist...

outs/prep/7D/CSI32/gri30.prep.209.dat does not exist...

outs/prep/7D/CSI32/gri30.prep.222.dat does not exist...

outs/prep/7D/CSI32/gri30.prep.228.dat does not exist...

outs/prep/7D/CSI36/gri30.prep.8.dat does not exist...

outs/prep/7D/CSI36/gri30.prep.124.dat does not exist...

outs/prep/7D/CSI36/gri30.prep.165.dat does not exist...

outs/prep/7D/CSI36/gri30.prep.219.dat does not exist...

outs/prep/7D/CSI40/gri30.prep.38.dat does not exist...

outs/prep/7D/CSI40/gri30.prep.57.dat does not exist...

outs/prep/7D/CSI40/gri30.prep.136.dat does not exist...

outs/prep/7D/CSI41/gri30.prep.66.dat does not exist...

outs/prep/7D/CSI41/gri30.prep.95.dat does not exist...

outs/prep/7D/CSI41/gri30.prep.120.dat does not exist...

outs/prep/7D/CSI41/gri30.prep.180.dat does not exist...

outs/prep/7D/CSI42/gri30.prep.140.dat does not exist...

outs/prep/7D/CSI42/gri30.prep.157.dat does not exist...

outs/prep/7D/CSI42/gri30.prep.197.dat does not exist...

outs/prep/7D/CSI42/gri30.prep.201.dat does not exist...

outs/prep/7D/CSI48/gri30.prep.135.dat does not exist...

outs/prep/7D/CSI49/gri30.prep.72.dat does not exist...

outs/prep/7D/CSI49/gri30.prep.77.dat does not exist...

outs/prep/7D/CSI49/gri30.prep.87.dat does not exist...

outs/prep/7D/CSI49/gri30.prep.97.dat does not exist...

outs/prep/7D/CSI49/gri30.prep.99.dat does not exist...

outs/prep/7D/CSI49/gri30.prep.126.dat does not exist...

outs/prep/7D/CSI49/gri30.prep.136.dat does not exist...

outs/prep/7D/CSI51/gri30.prep.45.dat does not exist...

outs/prep/7D/CSI51/gri30.prep.55.dat does not exist...

outs/prep/7D/CSI51/gri30.prep.63.dat does not exist...

outs/prep/7D/CSI51/gri30.prep.81.dat does not exist...

outs/prep/7D/CSI51/gri30.prep.93.dat does not exist...

outs/prep/7D/CSI52/gri30.prep.1.dat does not exist...

outs/prep/7D/CSI52/gri30.prep.217.dat does not exist...

outs/prep/7D/CSI52/gri30.prep.224.dat does not exist...

outs/prep/7D/CSI53/gri30.prep.1.dat does not exist...

outs/prep/7D/CSI54/gri30.prep.52.dat does not exist...

outs/prep/7D/CSI54/gri30.prep.60.dat does not exist...

outs/prep/7D/CSI54/gri30.prep.64.dat does not exist...

outs/prep/7D/CSI54/gri30.prep.81.dat does not exist...

outs/prep/7D/CSI54/gri30.prep.105.dat does not exist...

outs/prep/7D/CSI54/gri30.prep.106.dat does not exist...

outs/prep/7D/CSI54/gri30.prep.117.dat does not exist...

outs/prep/7D/CSI54/gri30.prep.122.dat does not exist...

outs/prep/7D/CSI54/gri30.prep.129.dat does not exist...

outs/prep/7D/CSI54/gri30.prep.149.dat does not exist...

outs/prep/7D/CSI54/gri30.prep.152.dat does not exist...

outs/prep/7D/CSI54/gri30.prep.198.dat does not exist...

outs/prep/7D/CSI54/gri30.prep.210.dat does not exist...

outs/prep/7D/CSI54/gri30.prep.227.dat does not exist...

outs/prep/7D/CSI54/gri30.prep.232.dat does not exist...

outs/prep/7D/CSI55/gri30.prep.3.dat does not exist...

outs/prep/7D/CSI55/gri30.prep.19.dat does not exist...

outs/prep/7D/CSI55/gri30.prep.22.dat does not exist...

outs/prep/7D/CSI55/gri30.prep.91.dat does not exist...

outs/prep/7D/CSI58/gri30.prep.205.dat does not exist...

outs/prep/7D/CSI59/gri30.prep.9.dat does not exist...

outs/prep/7D/CSI60/gri30.prep.87.dat does not exist...

outs/prep/7D/CSI61/gri30.prep.209.dat does not exist...

outs/prep/7D/CSI62/gri30.prep.118.dat does not exist...

outs/prep/7D/CSI62/gri30.prep.121.dat does not exist...

outs/prep/7D/CSI62/gri30.prep.208.dat does not exist...

outs/prep/7D/CSI65/gri30.prep.230.dat does not exist...

outs/prep/7D/CSI65/gri30.prep.236.dat does not exist...

outs/prep/7D/CSI65/gri30.prep.238.dat does not exist...

outs/prep/7D/CSI65/gri30.prep.239.dat does not exist...

outs/prep/7D/CSI66/gri30.prep.7.dat does not exist...

outs/prep/7D/CSI66/gri30.prep.18.dat does not exist...

outs/prep/7D/CSI66/gri30.prep.22.dat does not exist...

outs/prep/7D/CSI66/gri30.prep.27.dat does not exist...

outs/prep/7D/CSI66/gri30.prep.28.dat does not exist...

outs/prep/7D/CSI66/gri30.prep.29.dat does not exist...

outs/prep/7D/CSI66/gri30.prep.37.dat does not exist...

outs/prep/7D/CSI66/gri30.prep.38.dat does not exist...

outs/prep/7D/CSI66/gri30.prep.39.dat does not exist...

outs/prep/7D/CSI66/gri30.prep.42.dat does not exist...

outs/prep/7D/CSI66/gri30.prep.45.dat does not exist...

outs/prep/7D/CSI66/gri30.prep.60.dat does not exist...

outs/prep/7D/CSI66/gri30.prep.61.dat does not exist...

outs/prep/7D/CSI67/gri30.prep.120.dat does not exist...

outs/prep/7D/CSI67/gri30.prep.130.dat does not exist...

outs/prep/7D/CSI67/gri30.prep.131.dat does not exist...

outs/prep/7D/CSI67/gri30.prep.138.dat does not exist...

outs/prep/7D/CSI67/gri30.prep.177.dat does not exist...

outs/prep/7D/CSI67/gri30.prep.180.dat does not exist...

outs/prep/7D/CSI67/gri30.prep.186.dat does not exist...

outs/prep/7D/CSI67/gri30.prep.199.dat does not exist...

outs/prep/7D/CSI67/gri30.prep.201.dat does not exist...

outs/prep/7D/CSI67/gri30.prep.203.dat does not exist...

outs/prep/7D/CSI67/gri30.prep.214.dat does not exist...

outs/prep/7D/CSI67/gri30.prep.215.dat does not exist...

outs/prep/7D/CSI67/gri30.prep.216.dat does not exist...

outs/prep/7D/CSI67/gri30.prep.238.dat does not exist...

outs/prep/7D/CSI67/gri30.prep.239.dat does not exist...

outs/prep/7D/CSI68/gri30.prep.1.dat does not exist...

outs/prep/7D/CSI68/gri30.prep.3.dat does not exist...

outs/prep/7D/CSI68/gri30.prep.10.dat does not exist...

outs/prep/7D/CSI68/gri30.prep.17.dat does not exist...

outs/prep/7D/CSI68/gri30.prep.20.dat does not exist...

outs/prep/7D/CSI68/gri30.prep.29.dat does not exist...

outs/prep/7D/CSI68/gri30.prep.32.dat does not exist...

outs/prep/7D/CSI68/gri30.prep.34.dat does not exist...

outs/prep/7D/CSI68/gri30.prep.35.dat does not exist...

outs/prep/7D/CSI68/gri30.prep.43.dat does not exist...

outs/prep/7D/CSI68/gri30.prep.58.dat does not exist...

outs/prep/7D/CSI68/gri30.prep.65.dat does not exist...

outs/prep/7D/CSI68/gri30.prep.72.dat does not exist...

outs/prep/7D/CSI68/gri30.prep.94.dat does not exist...

outs/prep/7D/CSI68/gri30.prep.118.dat does not exist...

outs/prep/7D/CSI68/gri30.prep.129.dat does not exist...

outs/prep/7D/CSI68/gri30.prep.143.dat does not exist...

outs/prep/7D/CSI68/gri30.prep.158.dat does not exist...

outs/prep/7D/CSI72/gri30.prep.1.dat does not exist...

outs/prep/7D/CSI72/gri30.prep.7.dat does not exist...

outs/prep/7D/CSI72/gri30.prep.91.dat does not exist...

outs/prep/7D/CSI72/gri30.prep.92.dat does not exist...

outs/prep/7D/CSI76/gri30.prep.55.dat does not exist...

outs/prep/7D/CSI78/gri30.prep.12.dat does not exist...

outs/prep/7D/CSI78/gri30.prep.50.dat does not exist...

outs/prep/7D/CSI78/gri30.prep.134.dat does not exist...

outs/prep/7D/CSI84/gri30.prep.39.dat does not exist...

outs/prep/7D/CSI84/gri30.prep.47.dat does not exist...

outs/prep/7D/CSI84/gri30.prep.128.dat does not exist...

outs/prep/7D/CSI84/gri30.prep.146.dat does not exist...

outs/prep/7D/CSI84/gri30.prep.156.dat does not exist...

outs/prep/7D/CSI84/gri30.prep.182.dat does not exist...

outs/prep/7D/CSI84/gri30.prep.186.dat does not exist...

outs/prep/7D/CSI84/gri30.prep.202.dat does not exist...

outs/prep/7D/CSI86/gri30.prep.71.dat does not exist...

outs/prep/7D/CSI87/gri30.prep.136.dat does not exist...

outs/prep/7D/CSI87/gri30.prep.143.dat does not exist...

outs/prep/7D/CSI87/gri30.prep.153.dat does not exist...

outs/prep/7D/CSI87/gri30.prep.155.dat does not exist...

outs/prep/7D/CSI87/gri30.prep.156.dat does not exist...

outs/prep/7D/CSI87/gri30.prep.162.dat does not exist...

outs/prep/7D/CSI87/gri30.prep.172.dat does not exist...

outs/prep/7D/CSI87/gri30.prep.196.dat does not exist...

outs/prep/7D/CSI87/gri30.prep.198.dat does not exist...

outs/prep/7D/CSI87/gri30.prep.224.dat does not exist...

outs/prep/7D/CSI88/gri30.prep.13.dat does not exist...

outs/prep/7D/CSI88/gri30.prep.17.dat does not exist...

outs/prep/7D/CSI88/gri30.prep.18.dat does not exist...

outs/prep/7D/CSI88/gri30.prep.57.dat does not exist...

outs/prep/7D/CSI88/gri30.prep.73.dat does not exist...

outs/prep/7D/CSI88/gri30.prep.74.dat does not exist...

outs/prep/7D/CSI88/gri30.prep.78.dat does not exist...

outs/prep/7D/CSI88/gri30.prep.88.dat does not exist...

outs/prep/7D/CSI88/gri30.prep.95.dat does not exist...

outs/prep/7D/CSI88/gri30.prep.97.dat does not exist...

outs/prep/7D/CSI88/gri30.prep.103.dat does not exist...

outs/prep/7D/CSI88/gri30.prep.120.dat does not exist...

outs/prep/7D/CSI88/gri30.prep.122.dat does not exist...

outs/prep/7D/CSI88/gri30.prep.143.dat does not exist...

outs/prep/7D/CSI88/gri30.prep.152.dat does not exist...

outs/prep/7D/CSI88/gri30.prep.154.dat does not exist...

outs/prep/7D/CSI88/gri30.prep.173.dat does not exist...

outs/prep/7D/CSI88/gri30.prep.176.dat does not exist...

outs/prep/7D/CSI91/gri30.prep.191.dat does not exist...

outs/prep/7D/CSI91/gri30.prep.218.dat does not exist...

outs/prep/7D/CSI91/gri30.prep.220.dat does not exist...

outs/prep/7D/CSI92/gri30.prep.8.dat does not exist...

outs/prep/7D/CSI92/gri30.prep.12.dat does not exist...

outs/prep/7D/CSI92/gri30.prep.14.dat does not exist...

outs/prep/7D/CSI93/gri30.prep.1.dat does not exist...

outs/prep/7D/CSI93/gri30.prep.64.dat does not exist...

outs/prep/7D/CSI93/gri30.prep.65.dat does not exist...

outs/prep/7D/CSI93/gri30.prep.72.dat does not exist...

outs/prep/7D/CSI93/gri30.prep.77.dat does not exist...

outs/prep/7D/CSI93/gri30.prep.83.dat does not exist...

outs/prep/7D/CSI93/gri30.prep.86.dat does not exist...

outs/prep/7D/CSI93/gri30.prep.89.dat does not exist...

outs/prep/7D/CSI93/gri30.prep.92.dat does not exist...

outs/prep/7D/CSI93/gri30.prep.98.dat does not exist...

outs/prep/7D/CSI93/gri30.prep.110.dat does not exist...

outs/prep/7D/CSI93/gri30.prep.122.dat does not exist...

outs/prep/7D/CSI93/gri30.prep.125.dat does not exist...

outs/prep/7D/CSI93/gri30.prep.135.dat does not exist...

outs/prep/7D/CSI93/gri30.prep.139.dat does not exist...

outs/prep/7D/CSI93/gri30.prep.154.dat does not exist...

outs/prep/7D/CSI93/gri30.prep.157.dat does not exist...

outs/prep/7D/CSI93/gri30.prep.159.dat does not exist...

outs/prep/7D/CSI93/gri30.prep.164.dat does not exist...

outs/prep/7D/CSI93/gri30.prep.180.dat does not exist...

outs/prep/7D/CSI93/gri30.prep.195.dat does not exist...

outs/prep/7D/CSI93/gri30.prep.197.dat does not exist...

outs/prep/7D/CSI93/gri30.prep.205.dat does not exist...

outs/prep/7D/CSI93/gri30.prep.218.dat does not exist...

outs/prep/7D/CSI93/gri30.prep.219.dat does not exist...

outs/prep/7D/CSI93/gri30.prep.227.dat does not exist...

outs/prep/7D/CSI93/gri30.prep.234.dat does not exist...

outs/prep/7D/CSI93/gri30.prep.235.dat does not exist...

outs/prep/7D/CSI94/gri30.prep.5.dat does not exist...

outs/prep/7D/CSI94/gri30.prep.14.dat does not exist...

outs/prep/7D/CSI94/gri30.prep.29.dat does not exist...

outs/prep/7D/CSI94/gri30.prep.43.dat does not exist...

outs/prep/7D/CSI94/gri30.prep.50.dat does not exist...

outs/prep/7D/CSI94/gri30.prep.53.dat does not exist...

outs/prep/7D/CSI94/gri30.prep.55.dat does not exist...

outs/prep/7D/CSI94/gri30.prep.58.dat does not exist...

outs/prep/7D/CSI94/gri30.prep.60.dat does not exist...

outs/prep/7D/CSI94/gri30.prep.62.dat does not exist...

outs/prep/7D/CSI94/gri30.prep.69.dat does not exist...

outs/prep/7D/CSI94/gri30.prep.77.dat does not exist...

outs/prep/7D/CSI94/gri30.prep.79.dat does not exist...

outs/prep/7D/CSI94/gri30.prep.80.dat does not exist...

outs/prep/7D/CSI94/gri30.prep.81.dat does not exist...

outs/prep/7D/CSI94/gri30.prep.82.dat does not exist...

outs/prep/7D/CSI94/gri30.prep.105.dat does not exist...

outs/prep/7D/CSI97/gri30.prep.109.dat does not exist...

outs/prep/7D/CSI97/gri30.prep.119.dat does not exist...

outs/prep/7D/CSI97/gri30.prep.121.dat does not exist...

outs/prep/7D/CSI97/gri30.prep.129.dat does not exist...

outs/prep/7D/CSI97/gri30.prep.133.dat does not exist...

outs/prep/7D/CSI97/gri30.prep.137.dat does not exist...

outs/prep/7D/CSI97/gri30.prep.152.dat does not exist...

outs/prep/7D/CSI97/gri30.prep.165.dat does not exist...

outs/prep/7D/CSI97/gri30.prep.169.dat does not exist...

outs/prep/7D/CSI97/gri30.prep.170.dat does not exist...

outs/prep/7D/CSI97/gri30.prep.173.dat does not exist...

outs/prep/7D/CSI97/gri30.prep.177.dat does not exist...

outs/prep/7D/CSI97/gri30.prep.178.dat does not exist...

outs/prep/7D/CSI97/gri30.prep.180.dat does not exist...

outs/prep/7D/CSI97/gri30.prep.193.dat does not exist...

outs/prep/7D/CSI97/gri30.prep.231.dat does not exist...

outs/prep/7D/CSI97/gri30.prep.233.dat does not exist...

outs/prep/7D/CSI97/gri30.prep.235.dat does not exist...

outs/prep/7D/CSI98/gri30.prep.18.dat does not exist...

outs/prep/7D/CSI98/gri30.prep.51.dat does not exist...

outs/prep/7D/CSI98/gri30.prep.57.dat does not exist...

outs/prep/7D/CSI98/gri30.prep.58.dat does not exist...

outs/prep/7D/CSI98/gri30.prep.63.dat does not exist...

outs/prep/7D/CSI98/gri30.prep.72.dat does not exist...

outs/prep/7D/CSI98/gri30.prep.74.dat does not exist...

outs/prep/7D/CSI98/gri30.prep.81.dat does not exist...

outs/prep/7D/CSI98/gri30.prep.84.dat does not exist...

outs/prep/7D/CSI98/gri30.prep.103.dat does not exist...

outs/prep/7D/CSI98/gri30.prep.106.dat does not exist...

outs/prep/7D/CSI98/gri30.prep.112.dat does not exist...

outs/prep/7D/CSI98/gri30.prep.142.dat does not exist...

outs/prep/7D/CSI98/gri30.prep.145.dat does not exist...

outs/prep/7D/CSI98/gri30.prep.146.dat does not exist...

outs/prep/7D/CSI99/gri30.prep.1.dat does not exist...

outs/prep/7D/CSI99/gri30.prep.2.dat does not exist...

outs/prep/7D/CSI99/gri30.prep.3.dat does not exist...

outs/prep/7D/CSI99/gri30.prep.4.dat does not exist...

outs/prep/7D/CSI99/gri30.prep.5.dat does not exist...

outs/prep/7D/CSI99/gri30.prep.6.dat does not exist...

outs/prep/7D/CSI99/gri30.prep.7.dat does not exist...

outs/prep/7D/CSI99/gri30.prep.8.dat does not exist...

outs/prep/7D/CSI99/gri30.prep.9.dat does not exist...

outs/prep/7D/CSI99/gri30.prep.10.dat does not exist...

outs/prep/7D/CSI99/gri30.prep.11.dat does not exist...

outs/prep/7D/CSI99/gri30.prep.12.dat does not exist...

outs/prep/7D/CSI99/gri30.prep.13.dat does not exist...

outs/prep/7D/CSI99/gri30.prep.14.dat does not exist...

outs/prep/7D/CSI99/gri30.prep.15.dat does not exist...

outs/prep/7D/CSI99/gri30.prep.16.dat does not exist...

outs/prep/7D/CSI99/gri30.prep.17.dat does not exist...

outs/prep/7D/CSI99/gri30.prep.18.dat does not exist...

outs/prep/7D/CSI99/gri30.prep.19.dat does not exist...

outs/prep/7D/CSI99/gri30.prep.20.dat does not exist...

outs/prep/7D/CSI99/gri30.prep.21.dat does not exist...

outs/prep/7D/CSI99/gri30.prep.22.dat does not exist...

outs/prep/7D/CSI99/gri30.prep.23.dat does not exist...

outs/prep/7D/CSI99/gri30.prep.24.dat does not exist...

outs/prep/7D/CSI99/gri30.prep.25.dat does not exist...

outs/prep/7D/CSI99/gri30.prep.26.dat does not exist...

outs/prep/7D/CSI99/gri30.prep.27.dat does not exist...

outs/prep/7D/CSI99/gri30.prep.28.dat does not exist...

outs/prep/7D/CSI99/gri30.prep.29.dat does not exist...

outs/prep/7D/CSI99/gri30.prep.30.dat does not exist...

outs/prep/7D/CSI99/gri30.prep.31.dat does not exist...

outs/prep/7D/CSI99/gri30.prep.32.dat does not exist...

outs/prep/7D/CSI99/gri30.prep.33.dat does not exist...

outs/prep/7D/CSI99/gri30.prep.34.dat does not exist...

outs/prep/7D/CSI99/gri30.prep.35.dat does not exist...

outs/prep/7D/CSI99/gri30.prep.36.dat does not exist...

outs/prep/7D/CSI99/gri30.prep.37.dat does not exist...

outs/prep/7D/CSI99/gri30.prep.38.dat does not exist...

outs/prep/7D/CSI99/gri30.prep.39.dat does not exist...

outs/prep/7D/CSI99/gri30.prep.40.dat does not exist...

outs/prep/7D/CSI99/gri30.prep.41.dat does not exist...

outs/prep/7D/CSI99/gri30.prep.42.dat does not exist...

outs/prep/7D/CSI99/gri30.prep.43.dat does not exist...

outs/prep/7D/CSI99/gri30.prep.44.dat does not exist...

outs/prep/7D/CSI99/gri30.prep.45.dat does not exist...

outs/prep/7D/CSI99/gri30.prep.46.dat does not exist...

outs/prep/7D/CSI99/gri30.prep.47.dat does not exist...

outs/prep/7D/CSI99/gri30.prep.48.dat does not exist...

outs/prep/7D/CSI99/gri30.prep.49.dat does not exist...

outs/prep/7D/CSI99/gri30.prep.50.dat does not exist...

outs/prep/7D/CSI99/gri30.prep.51.dat does not exist...

outs/prep/7D/CSI99/gri30.prep.52.dat does not exist...

outs/prep/7D/CSI99/gri30.prep.53.dat does not exist...

outs/prep/7D/CSI99/gri30.prep.54.dat does not exist...

outs/prep/7D/CSI99/gri30.prep.55.dat does not exist...

outs/prep/7D/CSI99/gri30.prep.56.dat does not exist...

outs/prep/7D/CSI99/gri30.prep.57.dat does not exist...

outs/prep/7D/CSI99/gri30.prep.58.dat does not exist...

outs/prep/7D/CSI99/gri30.prep.59.dat does not exist...

outs/prep/7D/CSI99/gri30.prep.60.dat does not exist...

outs/prep/7D/CSI99/gri30.prep.61.dat does not exist...

outs/prep/7D/CSI99/gri30.prep.62.dat does not exist...

outs/prep/7D/CSI99/gri30.prep.63.dat does not exist...

outs/prep/7D/CSI99/gri30.prep.64.dat does not exist...

outs/prep/7D/CSI99/gri30.prep.65.dat does not exist...

outs/prep/7D/CSI99/gri30.prep.66.dat does not exist...

outs/prep/7D/CSI99/gri30.prep.67.dat does not exist...

outs/prep/7D/CSI99/gri30.prep.68.dat does not exist...

outs/prep/7D/CSI99/gri30.prep.69.dat does not exist...

outs/prep/7D/CSI99/gri30.prep.70.dat does not exist...

outs/prep/7D/CSI99/gri30.prep.71.dat does not exist...

outs/prep/7D/CSI99/gri30.prep.72.dat does not exist...

outs/prep/7D/CSI99/gri30.prep.73.dat does not exist...

outs/prep/7D/CSI99/gri30.prep.74.dat does not exist...

outs/prep/7D/CSI99/gri30.prep.75.dat does not exist...

outs/prep/7D/CSI99/gri30.prep.76.dat does not exist...

outs/prep/7D/CSI99/gri30.prep.77.dat does not exist...

outs/prep/7D/CSI99/gri30.prep.78.dat does not exist...

outs/prep/7D/CSI99/gri30.prep.79.dat does not exist...

outs/prep/7D/CSI99/gri30.prep.80.dat does not exist...

outs/prep/7D/CSI99/gri30.prep.81.dat does not exist...

outs/prep/7D/CSI99/gri30.prep.82.dat does not exist...

outs/prep/7D/CSI99/gri30.prep.83.dat does not exist...

outs/prep/7D/CSI99/gri30.prep.84.dat does not exist...

outs/prep/7D/CSI99/gri30.prep.85.dat does not exist...

outs/prep/7D/CSI99/gri30.prep.86.dat does not exist...

outs/prep/7D/CSI99/gri30.prep.87.dat does not exist...

outs/prep/7D/CSI99/gri30.prep.88.dat does not exist...

outs/prep/7D/CSI99/gri30.prep.89.dat does not exist...

outs/prep/7D/CSI99/gri30.prep.90.dat does not exist...

outs/prep/7D/CSI99/gri30.prep.91.dat does not exist...

outs/prep/7D/CSI99/gri30.prep.92.dat does not exist...

outs/prep/7D/CSI99/gri30.prep.93.dat does not exist...

outs/prep/7D/CSI99/gri30.prep.94.dat does not exist...

outs/prep/7D/CSI99/gri30.prep.95.dat does not exist...

outs/prep/7D/CSI99/gri30.prep.96.dat does not exist...

outs/prep/7D/CSI99/gri30.prep.97.dat does not exist...

outs/prep/7D/CSI99/gri30.prep.98.dat does not exist...

outs/prep/7D/CSI99/gri30.prep.99.dat does not exist...

outs/prep/7D/CSI99/gri30.prep.100.dat does not exist...

outs/prep/7D/CSI99/gri30.prep.101.dat does not exist...

outs/prep/7D/CSI99/gri30.prep.102.dat does not exist...

outs/prep/7D/CSI99/gri30.prep.103.dat does not exist...

outs/prep/7D/CSI99/gri30.prep.104.dat does not exist...

outs/prep/7D/CSI99/gri30.prep.105.dat does not exist...

outs/prep/7D/CSI99/gri30.prep.106.dat does not exist...

outs/prep/7D/CSI99/gri30.prep.107.dat does not exist...

outs/prep/7D/CSI99/gri30.prep.108.dat does not exist...

outs/prep/7D/CSI99/gri30.prep.109.dat does not exist...

outs/prep/7D/CSI99/gri30.prep.110.dat does not exist...

outs/prep/7D/CSI99/gri30.prep.111.dat does not exist...

outs/prep/7D/CSI99/gri30.prep.112.dat does not exist...

outs/prep/7D/CSI99/gri30.prep.113.dat does not exist...

outs/prep/7D/CSI99/gri30.prep.114.dat does not exist...

outs/prep/7D/CSI99/gri30.prep.115.dat does not exist...

outs/prep/7D/CSI99/gri30.prep.116.dat does not exist...

outs/prep/7D/CSI99/gri30.prep.117.dat does not exist...

outs/prep/7D/CSI99/gri30.prep.118.dat does not exist...

outs/prep/7D/CSI99/gri30.prep.119.dat does not exist...

outs/prep/7D/CSI99/gri30.prep.120.dat does not exist...

outs/prep/7D/CSI99/gri30.prep.121.dat does not exist...

outs/prep/7D/CSI99/gri30.prep.122.dat does not exist...

outs/prep/7D/CSI99/gri30.prep.123.dat does not exist...

outs/prep/7D/CSI99/gri30.prep.124.dat does not exist...

outs/prep/7D/CSI99/gri30.prep.125.dat does not exist...

outs/prep/7D/CSI99/gri30.prep.126.dat does not exist...

outs/prep/7D/CSI99/gri30.prep.127.dat does not exist...

outs/prep/7D/CSI99/gri30.prep.128.dat does not exist...

outs/prep/7D/CSI99/gri30.prep.129.dat does not exist...

outs/prep/7D/CSI99/gri30.prep.130.dat does not exist...

outs/prep/7D/CSI99/gri30.prep.131.dat does not exist...

outs/prep/7D/CSI99/gri30.prep.132.dat does not exist...

outs/prep/7D/CSI99/gri30.prep.133.dat does not exist...

outs/prep/7D/CSI99/gri30.prep.134.dat does not exist...

outs/prep/7D/CSI99/gri30.prep.135.dat does not exist...

outs/prep/7D/CSI99/gri30.prep.136.dat does not exist...

outs/prep/7D/CSI99/gri30.prep.137.dat does not exist...

outs/prep/7D/CSI99/gri30.prep.138.dat does not exist...

outs/prep/7D/CSI99/gri30.prep.139.dat does not exist...

outs/prep/7D/CSI99/gri30.prep.140.dat does not exist...

outs/prep/7D/CSI99/gri30.prep.141.dat does not exist...

outs/prep/7D/CSI99/gri30.prep.142.dat does not exist...

outs/prep/7D/CSI99/gri30.prep.143.dat does not exist...

outs/prep/7D/CSI99/gri30.prep.144.dat does not exist...

outs/prep/7D/CSI99/gri30.prep.145.dat does not exist...

outs/prep/7D/CSI99/gri30.prep.146.dat does not exist...

outs/prep/7D/CSI99/gri30.prep.147.dat does not exist...

outs/prep/7D/CSI99/gri30.prep.148.dat does not exist...

outs/prep/7D/CSI99/gri30.prep.149.dat does not exist...

outs/prep/7D/CSI99/gri30.prep.150.dat does not exist...

outs/prep/7D/CSI99/gri30.prep.151.dat does not exist...

outs/prep/7D/CSI99/gri30.prep.152.dat does not exist...

outs/prep/7D/CSI99/gri30.prep.153.dat does not exist...

outs/prep/7D/CSI99/gri30.prep.154.dat does not exist...

outs/prep/7D/CSI99/gri30.prep.155.dat does not exist...

outs/prep/7D/CSI99/gri30.prep.156.dat does not exist...

outs/prep/7D/CSI99/gri30.prep.157.dat does not exist...

outs/prep/7D/CSI99/gri30.prep.158.dat does not exist...

outs/prep/7D/CSI99/gri30.prep.159.dat does not exist...

outs/prep/7D/CSI99/gri30.prep.160.dat does not exist...

outs/prep/7D/CSI99/gri30.prep.161.dat does not exist...

outs/prep/7D/CSI99/gri30.prep.162.dat does not exist...

outs/prep/7D/CSI99/gri30.prep.163.dat does not exist...

outs/prep/7D/CSI99/gri30.prep.164.dat does not exist...

outs/prep/7D/CSI99/gri30.prep.165.dat does not exist...

outs/prep/7D/CSI99/gri30.prep.166.dat does not exist...

outs/prep/7D/CSI99/gri30.prep.167.dat does not exist...

outs/prep/7D/CSI99/gri30.prep.168.dat does not exist...

outs/prep/7D/CSI99/gri30.prep.169.dat does not exist...

outs/prep/7D/CSI99/gri30.prep.170.dat does not exist...

outs/prep/7D/CSI99/gri30.prep.171.dat does not exist...

outs/prep/7D/CSI99/gri30.prep.172.dat does not exist...

outs/prep/7D/CSI99/gri30.prep.173.dat does not exist...

outs/prep/7D/CSI99/gri30.prep.174.dat does not exist...

outs/prep/7D/CSI99/gri30.prep.175.dat does not exist...

outs/prep/7D/CSI99/gri30.prep.176.dat does not exist...

outs/prep/7D/CSI99/gri30.prep.177.dat does not exist...

outs/prep/7D/CSI99/gri30.prep.178.dat does not exist...

outs/prep/7D/CSI99/gri30.prep.179.dat does not exist...

outs/prep/7D/CSI99/gri30.prep.180.dat does not exist...

outs/prep/7D/CSI99/gri30.prep.181.dat does not exist...

outs/prep/7D/CSI99/gri30.prep.182.dat does not exist...

outs/prep/7D/CSI99/gri30.prep.183.dat does not exist...

outs/prep/7D/CSI99/gri30.prep.184.dat does not exist...

outs/prep/7D/CSI99/gri30.prep.185.dat does not exist...

outs/prep/7D/CSI99/gri30.prep.186.dat does not exist...

outs/prep/7D/CSI99/gri30.prep.187.dat does not exist...

outs/prep/7D/CSI99/gri30.prep.188.dat does not exist...

outs/prep/7D/CSI99/gri30.prep.189.dat does not exist...

outs/prep/7D/CSI99/gri30.prep.190.dat does not exist...

outs/prep/7D/CSI99/gri30.prep.191.dat does not exist...

outs/prep/7D/CSI99/gri30.prep.192.dat does not exist...

outs/prep/7D/CSI99/gri30.prep.193.dat does not exist...

outs/prep/7D/CSI99/gri30.prep.194.dat does not exist...

outs/prep/7D/CSI99/gri30.prep.195.dat does not exist...

outs/prep/7D/CSI99/gri30.prep.196.dat does not exist...

outs/prep/7D/CSI99/gri30.prep.197.dat does not exist...

outs/prep/7D/CSI99/gri30.prep.198.dat does not exist...

outs/prep/7D/CSI99/gri30.prep.199.dat does not exist...

outs/prep/7D/CSI99/gri30.prep.200.dat does not exist...

outs/prep/7D/CSI99/gri30.prep.201.dat does not exist...

outs/prep/7D/CSI99/gri30.prep.202.dat does not exist...

outs/prep/7D/CSI99/gri30.prep.203.dat does not exist...

outs/prep/7D/CSI99/gri30.prep.204.dat does not exist...

outs/prep/7D/CSI99/gri30.prep.205.dat does not exist...

outs/prep/7D/CSI99/gri30.prep.206.dat does not exist...

outs/prep/7D/CSI99/gri30.prep.207.dat does not exist...

outs/prep/7D/CSI99/gri30.prep.208.dat does not exist...

outs/prep/7D/CSI99/gri30.prep.209.dat does not exist...

outs/prep/7D/CSI99/gri30.prep.210.dat does not exist...

outs/prep/7D/CSI99/gri30.prep.211.dat does not exist...

outs/prep/7D/CSI99/gri30.prep.212.dat does not exist...

outs/prep/7D/CSI99/gri30.prep.213.dat does not exist...

outs/prep/7D/CSI99/gri30.prep.214.dat does not exist...

outs/prep/7D/CSI99/gri30.prep.215.dat does not exist...

outs/prep/7D/CSI99/gri30.prep.216.dat does not exist...

outs/prep/7D/CSI99/gri30.prep.217.dat does not exist...

outs/prep/7D/CSI99/gri30.prep.218.dat does not exist...

outs/prep/7D/CSI99/gri30.prep.219.dat does not exist...

outs/prep/7D/CSI99/gri30.prep.220.dat does not exist...

outs/prep/7D/CSI99/gri30.prep.221.dat does not exist...

outs/prep/7D/CSI99/gri30.prep.222.dat does not exist...

outs/prep/7D/CSI99/gri30.prep.223.dat does not exist...

outs/prep/7D/CSI99/gri30.prep.224.dat does not exist...

outs/prep/7D/CSI99/gri30.prep.225.dat does not exist...

outs/prep/7D/CSI99/gri30.prep.226.dat does not exist...

outs/prep/7D/CSI99/gri30.prep.227.dat does not exist...

outs/prep/7D/CSI99/gri30.prep.228.dat does not exist...

outs/prep/7D/CSI99/gri30.prep.229.dat does not exist...

outs/prep/7D/CSI99/gri30.prep.230.dat does not exist...

outs/prep/7D/CSI99/gri30.prep.231.dat does not exist...

outs/prep/7D/CSI99/gri30.prep.232.dat does not exist...

outs/prep/7D/CSI99/gri30.prep.233.dat does not exist...

outs/prep/7D/CSI99/gri30.prep.234.dat does not exist...

outs/prep/7D/CSI99/gri30.prep.235.dat does not exist...

outs/prep/7D/CSI99/gri30.prep.236.dat does not exist...

outs/prep/7D/CSI99/gri30.prep.237.dat does not exist...

outs/prep/7D/CSI99/gri30.prep.238.dat does not exist...

outs/prep/7D/CSI99/gri30.prep.239.dat does not exist...

outs/prep/7D/CSI101/gri30.prep.1.dat does not exist...

outs/prep/7D/CSI101/gri30.prep.2.dat does not exist...

outs/prep/7D/CSI101/gri30.prep.3.dat does not exist...

outs/prep/7D/CSI101/gri30.prep.4.dat does not exist...

outs/prep/7D/CSI101/gri30.prep.5.dat does not exist...

outs/prep/7D/CSI101/gri30.prep.6.dat does not exist...

outs/prep/7D/CSI101/gri30.prep.7.dat does not exist...

outs/prep/7D/CSI101/gri30.prep.8.dat does not exist...

outs/prep/7D/CSI101/gri30.prep.9.dat does not exist...

outs/prep/7D/CSI101/gri30.prep.10.dat does not exist...

outs/prep/7D/CSI101/gri30.prep.11.dat does not exist...

outs/prep/7D/CSI101/gri30.prep.12.dat does not exist...

outs/prep/7D/CSI101/gri30.prep.13.dat does not exist...

outs/prep/7D/CSI101/gri30.prep.14.dat does not exist...

outs/prep/7D/CSI101/gri30.prep.15.dat does not exist...

outs/prep/7D/CSI101/gri30.prep.16.dat does not exist...

outs/prep/7D/CSI101/gri30.prep.17.dat does not exist...

outs/prep/7D/CSI101/gri30.prep.18.dat does not exist...

outs/prep/7D/CSI101/gri30.prep.19.dat does not exist...

outs/prep/7D/CSI101/gri30.prep.20.dat does not exist...

outs/prep/7D/CSI101/gri30.prep.21.dat does not exist...

outs/prep/7D/CSI101/gri30.prep.22.dat does not exist...

outs/prep/7D/CSI101/gri30.prep.23.dat does not exist...

outs/prep/7D/CSI101/gri30.prep.24.dat does not exist...

outs/prep/7D/CSI101/gri30.prep.25.dat does not exist...

outs/prep/7D/CSI101/gri30.prep.26.dat does not exist...

outs/prep/7D/CSI101/gri30.prep.27.dat does not exist...

outs/prep/7D/CSI101/gri30.prep.28.dat does not exist...

outs/prep/7D/CSI101/gri30.prep.29.dat does not exist...

outs/prep/7D/CSI101/gri30.prep.30.dat does not exist...

outs/prep/7D/CSI101/gri30.prep.31.dat does not exist...

outs/prep/7D/CSI101/gri30.prep.32.dat does not exist...

outs/prep/7D/CSI101/gri30.prep.33.dat does not exist...

outs/prep/7D/CSI101/gri30.prep.34.dat does not exist...

outs/prep/7D/CSI101/gri30.prep.35.dat does not exist...

outs/prep/7D/CSI101/gri30.prep.36.dat does not exist...

outs/prep/7D/CSI101/gri30.prep.37.dat does not exist...

outs/prep/7D/CSI101/gri30.prep.38.dat does not exist...

outs/prep/7D/CSI101/gri30.prep.39.dat does not exist...

outs/prep/7D/CSI101/gri30.prep.40.dat does not exist...

outs/prep/7D/CSI101/gri30.prep.41.dat does not exist...

outs/prep/7D/CSI101/gri30.prep.42.dat does not exist...

outs/prep/7D/CSI101/gri30.prep.43.dat does not exist...

outs/prep/7D/CSI101/gri30.prep.44.dat does not exist...

outs/prep/7D/CSI101/gri30.prep.45.dat does not exist...

outs/prep/7D/CSI101/gri30.prep.46.dat does not exist...

outs/prep/7D/CSI101/gri30.prep.47.dat does not exist...

outs/prep/7D/CSI101/gri30.prep.48.dat does not exist...

outs/prep/7D/CSI101/gri30.prep.49.dat does not exist...

outs/prep/7D/CSI101/gri30.prep.50.dat does not exist...

outs/prep/7D/CSI101/gri30.prep.51.dat does not exist...

outs/prep/7D/CSI101/gri30.prep.52.dat does not exist...

outs/prep/7D/CSI101/gri30.prep.53.dat does not exist...

outs/prep/7D/CSI101/gri30.prep.54.dat does not exist...

outs/prep/7D/CSI101/gri30.prep.55.dat does not exist...

outs/prep/7D/CSI101/gri30.prep.56.dat does not exist...

outs/prep/7D/CSI101/gri30.prep.57.dat does not exist...

outs/prep/7D/CSI101/gri30.prep.58.dat does not exist...

outs/prep/7D/CSI101/gri30.prep.59.dat does not exist...

outs/prep/7D/CSI101/gri30.prep.60.dat does not exist...

outs/prep/7D/CSI101/gri30.prep.61.dat does not exist...

outs/prep/7D/CSI101/gri30.prep.62.dat does not exist...

outs/prep/7D/CSI101/gri30.prep.63.dat does not exist...

outs/prep/7D/CSI101/gri30.prep.64.dat does not exist...

outs/prep/7D/CSI101/gri30.prep.65.dat does not exist...

outs/prep/7D/CSI101/gri30.prep.66.dat does not exist...

outs/prep/7D/CSI101/gri30.prep.67.dat does not exist...

outs/prep/7D/CSI101/gri30.prep.68.dat does not exist...

outs/prep/7D/CSI101/gri30.prep.69.dat does not exist...

outs/prep/7D/CSI101/gri30.prep.70.dat does not exist...

outs/prep/7D/CSI101/gri30.prep.71.dat does not exist...

outs/prep/7D/CSI101/gri30.prep.72.dat does not exist...

outs/prep/7D/CSI101/gri30.prep.73.dat does not exist...

outs/prep/7D/CSI101/gri30.prep.74.dat does not exist...

outs/prep/7D/CSI101/gri30.prep.75.dat does not exist...

outs/prep/7D/CSI101/gri30.prep.76.dat does not exist...

outs/prep/7D/CSI101/gri30.prep.77.dat does not exist...

outs/prep/7D/CSI101/gri30.prep.78.dat does not exist...

outs/prep/7D/CSI101/gri30.prep.79.dat does not exist...

outs/prep/7D/CSI101/gri30.prep.80.dat does not exist...

outs/prep/7D/CSI101/gri30.prep.81.dat does not exist...

outs/prep/7D/CSI101/gri30.prep.82.dat does not exist...

outs/prep/7D/CSI101/gri30.prep.83.dat does not exist...

outs/prep/7D/CSI101/gri30.prep.84.dat does not exist...

outs/prep/7D/CSI101/gri30.prep.85.dat does not exist...

outs/prep/7D/CSI101/gri30.prep.86.dat does not exist...

outs/prep/7D/CSI101/gri30.prep.87.dat does not exist...

outs/prep/7D/CSI101/gri30.prep.88.dat does not exist...

outs/prep/7D/CSI101/gri30.prep.89.dat does not exist...

outs/prep/7D/CSI101/gri30.prep.90.dat does not exist...

outs/prep/7D/CSI101/gri30.prep.91.dat does not exist...

outs/prep/7D/CSI101/gri30.prep.92.dat does not exist...

outs/prep/7D/CSI101/gri30.prep.93.dat does not exist...

outs/prep/7D/CSI101/gri30.prep.94.dat does not exist...

outs/prep/7D/CSI101/gri30.prep.95.dat does not exist...

outs/prep/7D/CSI101/gri30.prep.96.dat does not exist...

outs/prep/7D/CSI101/gri30.prep.97.dat does not exist...

outs/prep/7D/CSI101/gri30.prep.98.dat does not exist...

outs/prep/7D/CSI101/gri30.prep.99.dat does not exist...

outs/prep/7D/CSI101/gri30.prep.100.dat does not exist...

outs/prep/7D/CSI101/gri30.prep.101.dat does not exist...

outs/prep/7D/CSI101/gri30.prep.102.dat does not exist...

outs/prep/7D/CSI101/gri30.prep.103.dat does not exist...

outs/prep/7D/CSI101/gri30.prep.104.dat does not exist...

outs/prep/7D/CSI101/gri30.prep.105.dat does not exist...

outs/prep/7D/CSI101/gri30.prep.106.dat does not exist...

outs/prep/7D/CSI101/gri30.prep.107.dat does not exist...

outs/prep/7D/CSI101/gri30.prep.108.dat does not exist...

outs/prep/7D/CSI101/gri30.prep.109.dat does not exist...

outs/prep/7D/CSI101/gri30.prep.110.dat does not exist...

outs/prep/7D/CSI101/gri30.prep.111.dat does not exist...

outs/prep/7D/CSI101/gri30.prep.112.dat does not exist...

outs/prep/7D/CSI101/gri30.prep.113.dat does not exist...

outs/prep/7D/CSI101/gri30.prep.114.dat does not exist...

outs/prep/7D/CSI101/gri30.prep.115.dat does not exist...

outs/prep/7D/CSI101/gri30.prep.116.dat does not exist...

outs/prep/7D/CSI101/gri30.prep.117.dat does not exist...

outs/prep/7D/CSI101/gri30.prep.118.dat does not exist...

outs/prep/7D/CSI101/gri30.prep.119.dat does not exist...

outs/prep/7D/CSI101/gri30.prep.120.dat does not exist...

outs/prep/7D/CSI101/gri30.prep.121.dat does not exist...

outs/prep/7D/CSI101/gri30.prep.122.dat does not exist...

outs/prep/7D/CSI101/gri30.prep.123.dat does not exist...

outs/prep/7D/CSI101/gri30.prep.124.dat does not exist...

outs/prep/7D/CSI101/gri30.prep.125.dat does not exist...

outs/prep/7D/CSI101/gri30.prep.126.dat does not exist...

outs/prep/7D/CSI101/gri30.prep.127.dat does not exist...

outs/prep/7D/CSI101/gri30.prep.128.dat does not exist...

outs/prep/7D/CSI101/gri30.prep.129.dat does not exist...

outs/prep/7D/CSI101/gri30.prep.130.dat does not exist...

outs/prep/7D/CSI101/gri30.prep.131.dat does not exist...

outs/prep/7D/CSI101/gri30.prep.132.dat does not exist...

outs/prep/7D/CSI101/gri30.prep.133.dat does not exist...

outs/prep/7D/CSI101/gri30.prep.134.dat does not exist...

outs/prep/7D/CSI101/gri30.prep.135.dat does not exist...

outs/prep/7D/CSI101/gri30.prep.136.dat does not exist...

outs/prep/7D/CSI101/gri30.prep.137.dat does not exist...

outs/prep/7D/CSI101/gri30.prep.138.dat does not exist...

outs/prep/7D/CSI101/gri30.prep.139.dat does not exist...

outs/prep/7D/CSI101/gri30.prep.140.dat does not exist...

outs/prep/7D/CSI101/gri30.prep.141.dat does not exist...

outs/prep/7D/CSI101/gri30.prep.142.dat does not exist...

outs/prep/7D/CSI101/gri30.prep.143.dat does not exist...

outs/prep/7D/CSI101/gri30.prep.144.dat does not exist...

outs/prep/7D/CSI101/gri30.prep.145.dat does not exist...

outs/prep/7D/CSI101/gri30.prep.146.dat does not exist...

outs/prep/7D/CSI101/gri30.prep.147.dat does not exist...

outs/prep/7D/CSI101/gri30.prep.148.dat does not exist...

outs/prep/7D/CSI101/gri30.prep.149.dat does not exist...

outs/prep/7D/CSI101/gri30.prep.150.dat does not exist...

outs/prep/7D/CSI101/gri30.prep.151.dat does not exist...

outs/prep/7D/CSI101/gri30.prep.152.dat does not exist...

outs/prep/7D/CSI101/gri30.prep.153.dat does not exist...

outs/prep/7D/CSI101/gri30.prep.154.dat does not exist...

outs/prep/7D/CSI101/gri30.prep.155.dat does not exist...

outs/prep/7D/CSI101/gri30.prep.156.dat does not exist...

outs/prep/7D/CSI101/gri30.prep.157.dat does not exist...

outs/prep/7D/CSI101/gri30.prep.158.dat does not exist...

outs/prep/7D/CSI101/gri30.prep.159.dat does not exist...

outs/prep/7D/CSI101/gri30.prep.160.dat does not exist...

outs/prep/7D/CSI101/gri30.prep.161.dat does not exist...

outs/prep/7D/CSI101/gri30.prep.162.dat does not exist...

outs/prep/7D/CSI101/gri30.prep.163.dat does not exist...

outs/prep/7D/CSI101/gri30.prep.164.dat does not exist...

outs/prep/7D/CSI101/gri30.prep.165.dat does not exist...

outs/prep/7D/CSI101/gri30.prep.166.dat does not exist...

outs/prep/7D/CSI101/gri30.prep.167.dat does not exist...

outs/prep/7D/CSI101/gri30.prep.168.dat does not exist...

outs/prep/7D/CSI101/gri30.prep.169.dat does not exist...

outs/prep/7D/CSI101/gri30.prep.170.dat does not exist...

outs/prep/7D/CSI101/gri30.prep.171.dat does not exist...

outs/prep/7D/CSI101/gri30.prep.172.dat does not exist...

outs/prep/7D/CSI101/gri30.prep.173.dat does not exist...

outs/prep/7D/CSI101/gri30.prep.174.dat does not exist...

outs/prep/7D/CSI101/gri30.prep.175.dat does not exist...

outs/prep/7D/CSI101/gri30.prep.176.dat does not exist...

outs/prep/7D/CSI101/gri30.prep.177.dat does not exist...

outs/prep/7D/CSI101/gri30.prep.178.dat does not exist...

outs/prep/7D/CSI101/gri30.prep.179.dat does not exist...

outs/prep/7D/CSI101/gri30.prep.180.dat does not exist...

outs/prep/7D/CSI101/gri30.prep.181.dat does not exist...

outs/prep/7D/CSI101/gri30.prep.182.dat does not exist...

outs/prep/7D/CSI101/gri30.prep.183.dat does not exist...

outs/prep/7D/CSI101/gri30.prep.184.dat does not exist...

outs/prep/7D/CSI101/gri30.prep.185.dat does not exist...

outs/prep/7D/CSI101/gri30.prep.186.dat does not exist...

outs/prep/7D/CSI101/gri30.prep.187.dat does not exist...

outs/prep/7D/CSI101/gri30.prep.188.dat does not exist...

outs/prep/7D/CSI101/gri30.prep.189.dat does not exist...

outs/prep/7D/CSI101/gri30.prep.190.dat does not exist...

outs/prep/7D/CSI101/gri30.prep.191.dat does not exist...

outs/prep/7D/CSI101/gri30.prep.192.dat does not exist...

outs/prep/7D/CSI101/gri30.prep.193.dat does not exist...

outs/prep/7D/CSI101/gri30.prep.194.dat does not exist...

outs/prep/7D/CSI101/gri30.prep.195.dat does not exist...

outs/prep/7D/CSI101/gri30.prep.196.dat does not exist...

outs/prep/7D/CSI101/gri30.prep.197.dat does not exist...

outs/prep/7D/CSI101/gri30.prep.198.dat does not exist...

outs/prep/7D/CSI101/gri30.prep.199.dat does not exist...

outs/prep/7D/CSI101/gri30.prep.200.dat does not exist...

outs/prep/7D/CSI101/gri30.prep.201.dat does not exist...

outs/prep/7D/CSI101/gri30.prep.202.dat does not exist...

outs/prep/7D/CSI101/gri30.prep.203.dat does not exist...

outs/prep/7D/CSI101/gri30.prep.204.dat does not exist...

outs/prep/7D/CSI101/gri30.prep.205.dat does not exist...

outs/prep/7D/CSI101/gri30.prep.206.dat does not exist...

outs/prep/7D/CSI101/gri30.prep.207.dat does not exist...

outs/prep/7D/CSI101/gri30.prep.208.dat does not exist...

outs/prep/7D/CSI101/gri30.prep.209.dat does not exist...

outs/prep/7D/CSI101/gri30.prep.210.dat does not exist...

outs/prep/7D/CSI101/gri30.prep.211.dat does not exist...

outs/prep/7D/CSI101/gri30.prep.212.dat does not exist...

outs/prep/7D/CSI101/gri30.prep.213.dat does not exist...

outs/prep/7D/CSI101/gri30.prep.214.dat does not exist...

outs/prep/7D/CSI101/gri30.prep.215.dat does not exist...

outs/prep/7D/CSI101/gri30.prep.216.dat does not exist...

outs/prep/7D/CSI101/gri30.prep.217.dat does not exist...

outs/prep/7D/CSI101/gri30.prep.218.dat does not exist...

outs/prep/7D/CSI101/gri30.prep.219.dat does not exist...

outs/prep/7D/CSI101/gri30.prep.220.dat does not exist...

outs/prep/7D/CSI101/gri30.prep.221.dat does not exist...

outs/prep/7D/CSI101/gri30.prep.222.dat does not exist...

outs/prep/7D/CSI101/gri30.prep.223.dat does not exist...

outs/prep/7D/CSI101/gri30.prep.224.dat does not exist...

outs/prep/7D/CSI101/gri30.prep.225.dat does not exist...

outs/prep/7D/CSI101/gri30.prep.226.dat does not exist...

outs/prep/7D/CSI101/gri30.prep.227.dat does not exist...

outs/prep/7D/CSI101/gri30.prep.228.dat does not exist...

outs/prep/7D/CSI101/gri30.prep.229.dat does not exist...

outs/prep/7D/CSI101/gri30.prep.230.dat does not exist...

outs/prep/7D/CSI101/gri30.prep.231.dat does not exist...

outs/prep/7D/CSI101/gri30.prep.232.dat does not exist...

outs/prep/7D/CSI101/gri30.prep.233.dat does not exist...

outs/prep/7D/CSI101/gri30.prep.234.dat does not exist...

outs/prep/7D/CSI101/gri30.prep.235.dat does not exist...

outs/prep/7D/CSI101/gri30.prep.236.dat does not exist...

outs/prep/7D/CSI101/gri30.prep.237.dat does not exist...

outs/prep/7D/CSI101/gri30.prep.238.dat does not exist...

outs/prep/7D/CSI101/gri30.prep.239.dat does not exist...

outs/prep/7D/CSI102/gri30.prep.9.dat does not exist...

outs/prep/7D/CSI102/gri30.prep.37.dat does not exist...

outs/prep/7D/CSI102/gri30.prep.47.dat does not exist...

outs/prep/7D/CSI102/gri30.prep.51.dat does not exist...

outs/prep/7D/CSI102/gri30.prep.66.dat does not exist...

outs/prep/7D/CSI102/gri30.prep.94.dat does not exist...

outs/prep/7D/CSI102/gri30.prep.110.dat does not exist...

outs/prep/7D/CSI102/gri30.prep.116.dat does not exist...

outs/prep/7D/CSI102/gri30.prep.122.dat does not exist...

outs/prep/7D/CSI102/gri30.prep.125.dat does not exist...

outs/prep/7D/CSI102/gri30.prep.131.dat does not exist...

outs/prep/7D/CSI102/gri30.prep.133.dat does not exist...

outs/prep/7D/CSI102/gri30.prep.140.dat does not exist...

outs/prep/7D/CSI102/gri30.prep.144.dat does not exist...

outs/prep/7D/CSI102/gri30.prep.161.dat does not exist...

outs/prep/7D/CSI102/gri30.prep.171.dat does not exist...

outs/prep/7D/CSI102/gri30.prep.179.dat does not exist...

outs/prep/7D/CSI102/gri30.prep.188.dat does not exist...

outs/prep/7D/CSI102/gri30.prep.190.dat does not exist...

outs/prep/7D/CSI102/gri30.prep.195.dat does not exist...

outs/prep/7D/CSI102/gri30.prep.200.dat does not exist...

outs/prep/7D/CSI102/gri30.prep.218.dat does not exist...

outs/prep/7D/CSI102/gri30.prep.223.dat does not exist...

outs/prep/7D/CSI102/gri30.prep.225.dat does not exist...

outs/prep/7D/CSI103/gri30.prep.35.dat does not exist...

outs/prep/7D/CSI103/gri30.prep.49.dat does not exist...

outs/prep/7D/CSI103/gri30.prep.75.dat does not exist...

outs/prep/7D/CSI103/gri30.prep.83.dat does not exist...

outs/prep/7D/CSI103/gri30.prep.109.dat does not exist...

outs/prep/7D/CSI103/gri30.prep.140.dat does not exist...

outs/prep/7D/CSI103/gri30.prep.226.dat does not exist...

outs/prep/7D/CSI104/gri30.prep.5.dat does not exist...

outs/prep/7D/CSI104/gri30.prep.7.dat does not exist...

outs/prep/7D/CSI104/gri30.prep.41.dat does not exist...

outs/prep/7D/CSI104/gri30.prep.43.dat does not exist...

outs/prep/7D/CSI104/gri30.prep.47.dat does not exist...

outs/prep/7D/CSI104/gri30.prep.135.dat does not exist...

outs/prep/7D/CSI110/gri30.prep.4.dat does not exist...

outs/prep/7D/CSI110/gri30.prep.8.dat does not exist...

outs/prep/7D/CSI110/gri30.prep.9.dat does not exist...

outs/prep/7D/CSI110/gri30.prep.11.dat does not exist...

outs/prep/7D/CSI110/gri30.prep.26.dat does not exist...

outs/prep/7D/CSI110/gri30.prep.47.dat does not exist...

outs/prep/7D/CSI110/gri30.prep.53.dat does not exist...

outs/prep/7D/CSI110/gri30.prep.58.dat does not exist...

outs/prep/7D/CSI111/gri30.prep.130.dat does not exist...

outs/prep/7D/CSI111/gri30.prep.157.dat does not exist...

outs/prep/7D/CSI111/gri30.prep.166.dat does not exist...

outs/prep/7D/CSI111/gri30.prep.208.dat does not exist...

outs/prep/7D/CSI112/gri30.prep.6.dat does not exist...

outs/prep/7D/CSI112/gri30.prep.18.dat does not exist...

outs/prep/7D/CSI112/gri30.prep.82.dat does not exist...

outs/prep/7D/CSI112/gri30.prep.118.dat does not exist...

outs/prep/7D/CSI115/gri30.prep.215.dat does not exist...

outs/prep/7D/CSI115/gri30.prep.219.dat does not exist...

outs/prep/7D/CSI115/gri30.prep.224.dat does not exist...

outs/prep/7D/CSI116/gri30.prep.47.dat does not exist...

outs/prep/7D/CSI116/gri30.prep.117.dat does not exist...

outs/prep/7D/CSI116/gri30.prep.192.dat does not exist...

outs/prep/7D/CSI120/gri30.prep.29.dat does not exist...

outs/prep/7D/CSI120/gri30.prep.162.dat does not exist...

outs/prep/7D/CSI120/gri30.prep.163.dat does not exist...

outs/prep/7D/CSI120/gri30.prep.206.dat does not exist...

outs/prep/7D/CSI121/gri30.prep.37.dat does not exist...

outs/prep/7D/CSI121/gri30.prep.101.dat does not exist...

outs/prep/7D/CSI121/gri30.prep.177.dat does not exist...

outs/prep/7D/CSI121/gri30.prep.178.dat does not exist...

outs/prep/7D/CSI121/gri30.prep.189.dat does not exist...

outs/prep/7D/CSI122/gri30.prep.30.dat does not exist...

outs/prep/7D/CSI122/gri30.prep.35.dat does not exist...

outs/prep/7D/CSI122/gri30.prep.87.dat does not exist...

outs/prep/7D/CSI122/gri30.prep.144.dat does not exist...

outs/prep/7D/CSI128/gri30.prep.1.dat does not exist...

outs/prep/7D/CSI128/gri30.prep.39.dat does not exist...

outs/prep/7D/CSI128/gri30.prep.44.dat does not exist...

outs/prep/7D/CSI128/gri30.prep.45.dat does not exist...

outs/prep/7D/CSI128/gri30.prep.46.dat does not exist...

outs/prep/7D/CSI128/gri30.prep.51.dat does not exist...

outs/prep/7D/CSI128/gri30.prep.60.dat does not exist...

outs/prep/7D/CSI128/gri30.prep.76.dat does not exist...

outs/prep/7D/CSI128/gri30.prep.81.dat does not exist...

outs/prep/7D/CSI128/gri30.prep.94.dat does not exist...

outs/prep/7D/CSI128/gri30.prep.113.dat does not exist...

outs/prep/7D/CSI128/gri30.prep.132.dat does not exist...

outs/prep/7D/CSI128/gri30.prep.135.dat does not exist...

outs/prep/7D/CSI128/gri30.prep.149.dat does not exist...

outs/prep/7D/CSI128/gri30.prep.151.dat does not exist...

outs/prep/7D/CSI128/gri30.prep.154.dat does not exist...

outs/prep/7D/CSI128/gri30.prep.164.dat does not exist...

outs/prep/7D/CSI128/gri30.prep.167.dat does not exist...

outs/prep/7D/CSI128/gri30.prep.171.dat does not exist...

outs/prep/7D/CSI128/gri30.prep.173.dat does not exist...

outs/prep/7D/CSI128/gri30.prep.176.dat does not exist...

outs/prep/7D/CSI128/gri30.prep.182.dat does not exist...

outs/prep/7D/CSI128/gri30.prep.183.dat does not exist...

outs/prep/7D/CSI128/gri30.prep.189.dat does not exist...

outs/prep/7D/CSI128/gri30.prep.215.dat does not exist...

outs/prep/7D/CSI128/gri30.prep.226.dat does not exist...

outs/prep/7D/CSI128/gri30.prep.228.dat does not exist...

outs/prep/7D/CSI128/gri30.prep.229.dat does not exist...

outs/prep/7D/CSI128/gri30.prep.230.dat does not exist...

outs/prep/7D/CSI128/gri30.prep.232.dat does not exist...

outs/prep/7D/CSI129/gri30.prep.17.dat does not exist...

outs/prep/7D/CSI129/gri30.prep.19.dat does not exist...

outs/prep/7D/CSI129/gri30.prep.20.dat does not exist...

outs/prep/7D/CSI129/gri30.prep.22.dat does not exist...

outs/prep/7D/CSI129/gri30.prep.34.dat does not exist...

outs/prep/7D/CSI129/gri30.prep.37.dat does not exist...

outs/prep/7D/CSI129/gri30.prep.39.dat does not exist...

outs/prep/7D/CSI129/gri30.prep.40.dat does not exist...

outs/prep/7D/CSI129/gri30.prep.52.dat does not exist...

outs/prep/7D/CSI129/gri30.prep.70.dat does not exist...

outs/prep/7D/CSI129/gri30.prep.71.dat does not exist...

outs/prep/7D/CSI132/gri30.prep.77.dat does not exist...

outs/prep/7D/CSI132/gri30.prep.82.dat does not exist...

outs/prep/7D/CSI132/gri30.prep.99.dat does not exist...

outs/prep/7D/CSI132/gri30.prep.110.dat does not exist...

outs/prep/7D/CSI132/gri30.prep.126.dat does not exist...

outs/prep/7D/CSI132/gri30.prep.137.dat does not exist...

outs/prep/7D/CSI132/gri30.prep.143.dat does not exist...

outs/prep/7D/CSI132/gri30.prep.164.dat does not exist...

outs/prep/7D/CSI132/gri30.prep.177.dat does not exist...

outs/prep/7D/CSI132/gri30.prep.204.dat does not exist...

outs/prep/7D/CSI132/gri30.prep.209.dat does not exist...

outs/prep/7D/CSI132/gri30.prep.230.dat does not exist...

outs/prep/7D/CSI132/gri30.prep.232.dat does not exist...

outs/prep/7D/CSI133/gri30.prep.26.dat does not exist...

outs/prep/7D/CSI133/gri30.prep.32.dat does not exist...

outs/prep/7D/CSI133/gri30.prep.33.dat does not exist...

outs/prep/7D/CSI133/gri30.prep.57.dat does not exist...

outs/prep/7D/CSI133/gri30.prep.71.dat does not exist...

outs/prep/7D/CSI133/gri30.prep.77.dat does not exist...

outs/prep/7D/CSI133/gri30.prep.91.dat does not exist...

outs/prep/7D/CSI133/gri30.prep.100.dat does not exist...

outs/prep/7D/CSI133/gri30.prep.103.dat does not exist...

outs/prep/7D/CSI133/gri30.prep.111.dat does not exist...

outs/prep/7D/CSI133/gri30.prep.117.dat does not exist...

outs/prep/7D/CSI133/gri30.prep.133.dat does not exist...

outs/prep/7D/CSI133/gri30.prep.145.dat does not exist...

outs/prep/7D/CSI133/gri30.prep.193.dat does not exist...

outs/prep/7D/CSI133/gri30.prep.196.dat does not exist...

outs/prep/7D/CSI133/gri30.prep.210.dat does not exist...

outs/prep/7D/CSI133/gri30.prep.214.dat does not exist...

outs/prep/7D/CSI133/gri30.prep.231.dat does not exist...

outs/prep/7D/CSI133/gri30.prep.234.dat does not exist...

outs/prep/7D/CSI134/gri30.prep.1.dat does not exist...

outs/prep/7D/CSI134/gri30.prep.11.dat does not exist...

outs/prep/7D/CSI134/gri30.prep.13.dat does not exist...

outs/prep/7D/CSI134/gri30.prep.24.dat does not exist...

outs/prep/7D/CSI134/gri30.prep.51.dat does not exist...

outs/prep/7D/CSI134/gri30.prep.58.dat does not exist...

outs/prep/7D/CSI134/gri30.prep.63.dat does not exist...

outs/prep/7D/CSI134/gri30.prep.73.dat does not exist...

outs/prep/7D/CSI134/gri30.prep.92.dat does not exist...

outs/prep/7D/CSI134/gri30.prep.123.dat does not exist...

outs/prep/7D/CSI134/gri30.prep.131.dat does not exist...

outs/prep/7D/CSI134/gri30.prep.135.dat does not exist...

outs/prep/7D/CSI134/gri30.prep.160.dat does not exist...

outs/prep/7D/CSI134/gri30.prep.214.dat does not exist...

outs/prep/7D/CSI134/gri30.prep.221.dat does not exist...

outs/prep/7D/CSI135/gri30.prep.4.dat does not exist...

outs/prep/7D/CSI135/gri30.prep.8.dat does not exist...

outs/prep/7D/CSI135/gri30.prep.36.dat does not exist...

outs/prep/7D/CSI135/gri30.prep.46.dat does not exist...

outs/prep/7D/CSI135/gri30.prep.47.dat does not exist...

outs/prep/7D/CSI140/gri30.prep.212.dat does not exist...

outs/prep/7D/CSI140/gri30.prep.231.dat does not exist...

outs/prep/7D/CSI141/gri30.prep.85.dat does not exist...

outs/prep/7D/CSI141/gri30.prep.88.dat does not exist...

outs/prep/7D/CSI141/gri30.prep.122.dat does not exist...

outs/prep/7D/CSI141/gri30.prep.154.dat does not exist...

outs/prep/7D/CSI142/gri30.prep.72.dat does not exist...

outs/prep/7D/CSI142/gri30.prep.74.dat does not exist...

outs/prep/7D/CSI142/gri30.prep.214.dat does not exist...

outs/prep/7D/CSI143/gri30.prep.8.dat does not exist...

outs/prep/7D/CSI150/gri30.prep.5.dat does not exist...

outs/prep/7D/CSI150/gri30.prep.111.dat does not exist...

outs/prep/7D/CSI150/gri30.prep.115.dat does not exist...

outs/prep/7D/CSI150/gri30.prep.194.dat does not exist...

outs/prep/7D/CSI151/gri30.prep.13.dat does not exist...

outs/prep/7D/CSI151/gri30.prep.92.dat does not exist...

outs/prep/7D/CSI151/gri30.prep.180.dat does not exist...

outs/prep/7D/CSI152/gri30.prep.42.dat does not exist...

outs/prep/7D/CSI152/gri30.prep.143.dat does not exist...

outs/prep/7D/CSI152/gri30.prep.191.dat does not exist...

outs/prep/7D/CSI152/gri30.prep.202.dat does not exist...

outs/prep/7D/CSI152/gri30.prep.211.dat does not exist...

outs/prep/7D/CSI153/gri30.prep.17.dat does not exist...

outs/prep/7D/CSI153/gri30.prep.33.dat does not exist...

outs/prep/7D/CSI153/gri30.prep.112.dat does not exist...

outs/prep/7D/CSI153/gri30.prep.135.dat does not exist...

outs/prep/7D/CSI153/gri30.prep.185.dat does not exist...

outs/prep/7D/CSI153/gri30.prep.190.dat does not exist...

outs/prep/7D/CSI154/gri30.prep.44.dat does not exist...

outs/prep/7D/CSI161/gri30.prep.234.dat does not exist...

outs/prep/7D/CSI162/gri30.prep.79.dat does not exist...

outs/prep/7D/CSI162/gri30.prep.89.dat does not exist...

outs/prep/7D/CSI162/gri30.prep.109.dat does not exist...

outs/prep/7D/CSI162/gri30.prep.112.dat does not exist...

outs/prep/7D/CSI162/gri30.prep.120.dat does not exist...

outs/prep/7D/CSI162/gri30.prep.145.dat does not exist...

outs/prep/7D/CSI162/gri30.prep.151.dat does not exist...

outs/prep/7D/CSI162/gri30.prep.154.dat does not exist...

outs/prep/7D/CSI172/gri30.prep.20.dat does not exist...

outs/prep/7D/CSI172/gri30.prep.28.dat does not exist...

outs/prep/7D/CSI179/gri30.prep.16.dat does not exist...

outs/prep/7D/CSI179/gri30.prep.41.dat does not exist...

outs/prep/7D/CSI179/gri30.prep.44.dat does not exist...

outs/prep/7D/CSI179/gri30.prep.46.dat does not exist...

outs/prep/7D/CSI180/gri30.prep.147.dat does not exist...

outs/prep/7D/CSI180/gri30.prep.221.dat does not exist...

outs/prep/7D/CSI181/gri30.prep.25.dat does not exist...

outs/prep/7D/CSI181/gri30.prep.34.dat does not exist...

outs/prep/7D/CSI181/gri30.prep.54.dat does not exist...

outs/prep/7D/CSI181/gri30.prep.55.dat does not exist...

outs/prep/7D/CSI181/gri30.prep.142.dat does not exist...

outs/prep/7D/CSI181/gri30.prep.143.dat does not exist...

outs/prep/7D/CSI181/gri30.prep.163.dat does not exist...

outs/prep/7D/CSI184/gri30.prep.210.dat does not exist...

outs/prep/7D/CSI184/gri30.prep.221.dat does not exist...

outs/prep/7D/CSI185/gri30.prep.22.dat does not exist...

outs/prep/7D/CSI185/gri30.prep.67.dat does not exist...

outs/prep/7D/CSI185/gri30.prep.131.dat does not exist...

outs/prep/7D/CSI185/gri30.prep.175.dat does not exist...

outs/prep/7D/CSI189/gri30.prep.1.dat does not exist...

outs/prep/7D/CSI189/gri30.prep.81.dat does not exist...

outs/prep/7D/CSI189/gri30.prep.108.dat does not exist...

outs/prep/7D/CSI189/gri30.prep.144.dat does not exist...

outs/prep/7D/CSI189/gri30.prep.201.dat does not exist...

outs/prep/7D/CSI189/gri30.prep.204.dat does not exist...

outs/prep/7D/CSI189/gri30.prep.233.dat does not exist...

outs/prep/7D/CSI190/gri30.prep.109.dat does not exist...

outs/prep/7D/CSI190/gri30.prep.126.dat does not exist...

outs/prep/7D/CSI191/gri30.prep.22.dat does not exist...

outs/prep/7D/CSI191/gri30.prep.139.dat does not exist...

outs/prep/7D/CSI191/gri30.prep.140.dat does not exist...

outs/prep/7D/CSI191/gri30.prep.169.dat does not exist...

outs/prep/7D/CSI191/gri30.prep.179.dat does not exist...

outs/prep/7D/CSI191/gri30.prep.185.dat does not exist...

outs/prep/7D/CSI191/gri30.prep.194.dat does not exist...

outs/prep/7D/CSI224/gri30.prep.195.dat does not exist...

outs/prep/7D/CSI225/gri30.prep.6.dat does not exist...

outs/prep/7D/CSI225/gri30.prep.27.dat does not exist...

outs/prep/7D/CSI225/gri30.prep.91.dat does not exist...

outs/prep/7D/CSI225/gri30.prep.105.dat does not exist...

outs/prep/7D/CSI228/gri30.prep.163.dat does not exist...

outs/prep/7D/CSI228/gri30.prep.200.dat does not exist...

outs/prep/7D/CSI228/gri30.prep.221.dat does not exist...

outs/prep/7D/CSI228/gri30.prep.227.dat does not exist...

outs/prep/7D/CSI229/gri30.prep.17.dat does not exist...

outs/prep/7D/CSI229/gri30.prep.42.dat does not exist...

outs/prep/7D/CSI229/gri30.prep.50.dat does not exist...

outs/prep/7D/CSI229/gri30.prep.82.dat does not exist...

outs/prep/7D/CSI229/gri30.prep.84.dat does not exist...

outs/prep/7D/CSI229/gri30.prep.133.dat does not exist...

outs/prep/7D/CSI229/gri30.prep.172.dat does not exist...

outs/prep/7D/CSI232/gri30.prep.206.dat does not exist...

outs/prep/7D/CSI232/gri30.prep.226.dat does not exist...

outs/prep/7D/CSI232/gri30.prep.238.dat does not exist...

outs/prep/7D/CSI232/gri30.prep.239.dat does not exist...

outs/prep/7D/CSI233/gri30.prep.1.dat does not exist...

outs/prep/7D/CSI233/gri30.prep.16.dat does not exist...

outs/prep/7D/CSI233/gri30.prep.61.dat does not exist...

outs/prep/7D/CSI233/gri30.prep.95.dat does not exist...

outs/prep/7D/CSI233/gri30.prep.117.dat does not exist...

outs/prep/7D/CSI233/gri30.prep.132.dat does not exist...

outs/prep/7D/CSI233/gri30.prep.183.dat does not exist...

outs/prep/7D/CSI233/gri30.prep.197.dat does not exist...

outs/prep/7D/CSI233/gri30.prep.203.dat does not exist...

outs/prep/7D/CSI233/gri30.prep.229.dat does not exist...

outs/prep/7D/CSI234/gri30.prep.68.dat does not exist...

outs/prep/7D/CSI234/gri30.prep.86.dat does not exist...

outs/prep/7D/CSI234/gri30.prep.116.dat does not exist...

outs/prep/7D/CSI234/gri30.prep.154.dat does not exist...

outs/prep/7D/CSI234/gri30.prep.155.dat does not exist...

outs/prep/7D/CSI234/gri30.prep.202.dat does not exist...

outs/prep/7D/CSI234/gri30.prep.236.dat does not exist...

outs/prep/7D/CSI235/gri30.prep.12.dat does not exist...

outs/prep/7D/CSI235/gri30.prep.36.dat does not exist...

outs/prep/7D/CSI235/gri30.prep.64.dat does not exist...

outs/prep/7D/CSI235/gri30.prep.69.dat does not exist...

outs/prep/7D/CSI235/gri30.prep.92.dat does not exist...

outs/prep/7D/CSI235/gri30.prep.124.dat does not exist...

outs/prep/7D/CSI241/gri30.prep.47.dat does not exist...

outs/prep/7D/CSI241/gri30.prep.59.dat does not exist...

outs/prep/7D/CSI241/gri30.prep.65.dat does not exist...

outs/prep/7D/CSI241/gri30.prep.93.dat does not exist...

outs/prep/7D/CSI241/gri30.prep.94.dat does not exist...

outs/prep/7D/CSI241/gri30.prep.101.dat does not exist...

outs/prep/7D/CSI241/gri30.prep.114.dat does not exist...

outs/prep/7D/CSI241/gri30.prep.121.dat does not exist...

outs/prep/7D/CSI241/gri30.prep.127.dat does not exist...

outs/prep/7D/CSI241/gri30.prep.134.dat does not exist...

outs/prep/7D/CSI241/gri30.prep.156.dat does not exist...

outs/prep/7D/CSI241/gri30.prep.157.dat does not exist...

outs/prep/7D/CSI241/gri30.prep.166.dat does not exist...

outs/prep/7D/CSI241/gri30.prep.201.dat does not exist...

outs/prep/7D/CSI241/gri30.prep.203.dat does not exist...

outs/prep/7D/CSI241/gri30.prep.204.dat does not exist...

outs/prep/7D/CSI241/gri30.prep.207.dat does not exist...

outs/prep/7D/CSI241/gri30.prep.212.dat does not exist...

outs/prep/7D/CSI241/gri30.prep.214.dat does not exist...

outs/prep/7D/CSI241/gri30.prep.221.dat does not exist...

outs/prep/7D/CSI241/gri30.prep.223.dat does not exist...

outs/prep/7D/CSI241/gri30.prep.224.dat does not exist...

outs/prep/7D/CSI241/gri30.prep.229.dat does not exist...

outs/prep/7D/CSI242/gri30.prep.2.dat does not exist...

outs/prep/7D/CSI242/gri30.prep.19.dat does not exist...

outs/prep/7D/CSI242/gri30.prep.52.dat does not exist...

outs/prep/7D/CSI242/gri30.prep.53.dat does not exist...

outs/prep/7D/CSI242/gri30.prep.70.dat does not exist...

outs/prep/7D/CSI242/gri30.prep.83.dat does not exist...

outs/prep/7D/CSI242/gri30.prep.84.dat does not exist...

outs/prep/7D/CSI245/gri30.prep.103.dat does not exist...

outs/prep/7D/CSI245/gri30.prep.108.dat does not exist...

outs/prep/7D/CSI245/gri30.prep.125.dat does not exist...

outs/prep/7D/CSI245/gri30.prep.154.dat does not exist...

outs/prep/7D/CSI245/gri30.prep.162.dat does not exist...

outs/prep/7D/CSI245/gri30.prep.184.dat does not exist...

outs/prep/7D/CSI245/gri30.prep.199.dat does not exist...

outs/prep/7D/CSI245/gri30.prep.220.dat does not exist...

outs/prep/7D/CSI245/gri30.prep.231.dat does not exist...

outs/prep/7D/CSI246/gri30.prep.1.dat does not exist...

outs/prep/7D/CSI246/gri30.prep.9.dat does not exist...

outs/prep/7D/CSI246/gri30.prep.38.dat does not exist...

outs/prep/7D/CSI246/gri30.prep.41.dat does not exist...

outs/prep/7D/CSI246/gri30.prep.58.dat does not exist...

outs/prep/7D/CSI246/gri30.prep.76.dat does not exist...

outs/prep/7D/CSI246/gri30.prep.81.dat does not exist...

outs/prep/7D/CSI246/gri30.prep.87.dat does not exist...

outs/prep/7D/CSI246/gri30.prep.92.dat does not exist...

outs/prep/7D/CSI246/gri30.prep.101.dat does not exist...

outs/prep/7D/CSI246/gri30.prep.110.dat does not exist...

outs/prep/7D/CSI246/gri30.prep.114.dat does not exist...

outs/prep/7D/CSI246/gri30.prep.145.dat does not exist...

outs/prep/7D/CSI246/gri30.prep.146.dat does not exist...

outs/prep/7D/CSI246/gri30.prep.169.dat does not exist...

outs/prep/7D/CSI246/gri30.prep.174.dat does not exist...

outs/prep/7D/CSI246/gri30.prep.187.dat does not exist...

outs/prep/7D/CSI246/gri30.prep.208.dat does not exist...

outs/prep/7D/CSI246/gri30.prep.235.dat does not exist...

outs/prep/7D/CSI247/gri30.prep.2.dat does not exist...

outs/prep/7D/CSI247/gri30.prep.70.dat does not exist...

outs/prep/7D/CSI247/gri30.prep.87.dat does not exist...

outs/prep/7D/CSI247/gri30.prep.115.dat does not exist...

outs/prep/7D/CSI247/gri30.prep.123.dat does not exist...

outs/prep/7D/CSI247/gri30.prep.131.dat does not exist...

outs/prep/7D/CSI247/gri30.prep.137.dat does not exist...

outs/prep/7D/CSI247/gri30.prep.138.dat does not exist...

outs/prep/7D/CSI247/gri30.prep.169.dat does not exist...

outs/prep/7D/CSI247/gri30.prep.170.dat does not exist...

outs/prep/7D/CSI248/gri30.prep.2.dat does not exist...

outs/prep/7D/CSI248/gri30.prep.39.dat does not exist...

outs/prep/7D/CSI248/gri30.prep.56.dat does not exist...

outs/prep/7D/CSI248/gri30.prep.59.dat does not exist...

outs/prep/7D/CSI248/gri30.prep.62.dat does not exist...

outs/prep/7D/CSI248/gri30.prep.76.dat does not exist...

outs/prep/7D/CSI254/gri30.prep.95.dat does not exist...

outs/prep/7D/CSI254/gri30.prep.96.dat does not exist...

outs/prep/7D/CSI254/gri30.prep.108.dat does not exist...

outs/prep/7D/CSI254/gri30.prep.206.dat does not exist...

outs/prep/7D/CSI255/gri30.prep.38.dat does not exist...

outs/prep/7D/CSI255/gri30.prep.85.dat does not exist...

outs/prep/7D/CSI255/gri30.prep.112.dat does not exist...

outs/prep/7D/CSI255/gri30.prep.139.dat does not exist...

outs/prep/7D/CSI255/gri30.prep.158.dat does not exist...

outs/prep/7D/CSI262/gri30.prep.105.dat does not exist...

outs/prep/7D/CSI262/gri30.prep.188.dat does not exist...

outs/prep/7D/CSI263/gri30.prep.154.dat does not exist...

outs/prep/7D/CSI263/gri30.prep.155.dat does not exist...

outs/prep/7D/CSI264/gri30.prep.35.dat does not exist...

outs/prep/7D/CSI264/gri30.prep.39.dat does not exist...

outs/prep/7D/CSI264/gri30.prep.145.dat does not exist...

outs/prep/7D/CSI264/gri30.prep.176.dat does not exist...

outs/prep/7D/CSI264/gri30.prep.212.dat does not exist...

outs/prep/7D/CSI266/gri30.prep.100.dat does not exist...

outs/prep/7D/CSI284/gri30.prep.62.dat does not exist...

outs/prep/7D/CSI293/gri30.prep.185.dat does not exist...

outs/prep/7D/CSI300/gri30.prep.124.dat does not exist...

outs/prep/7D/CSI302/gri30.prep.77.dat does not exist...

outs/prep/7D/CSI302/gri30.prep.93.dat does not exist...

outs/prep/7D/CSI302/gri30.prep.144.dat does not exist...

outs/prep/7D/CSI302/gri30.prep.186.dat does not exist...

outs/prep/7D/CSI306/gri30.prep.18.dat does not exist...

outs/prep/7D/CSI306/gri30.prep.122.dat does not exist...

outs/prep/7D/CSI306/gri30.prep.213.dat does not exist...

outs/prep/7D/CSI310/gri30.prep.109.dat does not exist...

outs/prep/7D/CSI310/gri30.prep.139.dat does not exist...

outs/prep/7D/CSI310/gri30.prep.151.dat does not exist...

outs/prep/7D/CSI311/gri30.prep.27.dat does not exist...

outs/prep/7D/CSI311/gri30.prep.42.dat does not exist...

outs/prep/7D/CSI311/gri30.prep.129.dat does not exist...

outs/prep/7D/CSI312/gri30.prep.154.dat does not exist...

outs/prep/7D/CSI312/gri30.prep.182.dat does not exist...

outs/prep/7D/CSI312/gri30.prep.211.dat does not exist...

outs/prep/7D/CSI318/gri30.prep.150.dat does not exist...

outs/prep/7D/CSI318/gri30.prep.154.dat does not exist...

outs/prep/7D/CSI318/gri30.prep.160.dat does not exist...

outs/prep/7D/CSI318/gri30.prep.169.dat does not exist...

outs/prep/7D/CSI318/gri30.prep.187.dat does not exist...

outs/prep/7D/CSI318/gri30.prep.188.dat does not exist...

outs/prep/7D/CSI318/gri30.prep.194.dat does not exist...

outs/prep/7D/CSI318/gri30.prep.197.dat does not exist...

outs/prep/7D/CSI318/gri30.prep.200.dat does not exist...

outs/prep/7D/CSI318/gri30.prep.205.dat does not exist...

outs/prep/7D/CSI318/gri30.prep.210.dat does not exist...

outs/prep/7D/CSI318/gri30.prep.215.dat does not exist...

outs/prep/7D/CSI318/gri30.prep.220.dat does not exist...

outs/prep/7D/CSI318/gri30.prep.230.dat does not exist...

outs/prep/7D/CSI319/gri30.prep.8.dat does not exist...

outs/prep/7D/CSI319/gri30.prep.9.dat does not exist...

outs/prep/7D/CSI319/gri30.prep.18.dat does not exist...

outs/prep/7D/CSI319/gri30.prep.20.dat does not exist...

outs/prep/7D/CSI319/gri30.prep.26.dat does not exist...

outs/prep/7D/CSI319/gri30.prep.53.dat does not exist...

outs/prep/7D/CSI319/gri30.prep.81.dat does not exist...

outs/prep/7D/CSI319/gri30.prep.83.dat does not exist...

outs/prep/7D/CSI319/gri30.prep.89.dat does not exist...

outs/prep/7D/CSI319/gri30.prep.102.dat does not exist...

outs/prep/7D/CSI319/gri30.prep.133.dat does not exist...

outs/prep/7D/CSI319/gri30.prep.168.dat does not exist...

outs/prep/7D/CSI319/gri30.prep.172.dat does not exist...

outs/prep/7D/CSI322/gri30.prep.170.dat does not exist...

outs/prep/7D/CSI322/gri30.prep.182.dat does not exist...

outs/prep/7D/CSI322/gri30.prep.192.dat does not exist...

outs/prep/7D/CSI322/gri30.prep.197.dat does not exist...

outs/prep/7D/CSI322/gri30.prep.200.dat does not exist...

outs/prep/7D/CSI322/gri30.prep.208.dat does not exist...

outs/prep/7D/CSI322/gri30.prep.232.dat does not exist...

outs/prep/7D/CSI323/gri30.prep.5.dat does not exist...

outs/prep/7D/CSI323/gri30.prep.24.dat does not exist...

outs/prep/7D/CSI323/gri30.prep.61.dat does not exist...

outs/prep/7D/CSI323/gri30.prep.99.dat does not exist...

outs/prep/7D/CSI323/gri30.prep.108.dat does not exist...

outs/prep/7D/CSI323/gri30.prep.127.dat does not exist...

outs/prep/7D/CSI323/gri30.prep.151.dat does not exist...

outs/prep/7D/CSI323/gri30.prep.165.dat does not exist...

outs/prep/7D/CSI323/gri30.prep.193.dat does not exist...

outs/prep/7D/CSI323/gri30.prep.226.dat does not exist...

outs/prep/7D/CSI323/gri30.prep.228.dat does not exist...

outs/prep/7D/CSI324/gri30.prep.2.dat does not exist...

outs/prep/7D/CSI324/gri30.prep.16.dat does not exist...

outs/prep/7D/CSI324/gri30.prep.72.dat does not exist...

outs/prep/7D/CSI324/gri30.prep.88.dat does not exist...

outs/prep/7D/CSI324/gri30.prep.93.dat does not exist...

outs/prep/7D/CSI324/gri30.prep.94.dat does not exist...

outs/prep/7D/CSI324/gri30.prep.122.dat does not exist...

outs/prep/7D/CSI324/gri30.prep.151.dat does not exist...

outs/prep/7D/CSI324/gri30.prep.153.dat does not exist...

outs/prep/7D/CSI324/gri30.prep.171.dat does not exist...

outs/prep/7D/CSI324/gri30.prep.201.dat does not exist...

outs/prep/7D/CSI324/gri30.prep.235.dat does not exist...

outs/prep/7D/CSI324/gri30.prep.239.dat does not exist...

outs/prep/7D/CSI325/gri30.prep.38.dat does not exist...

outs/prep/7D/CSI325/gri30.prep.67.dat does not exist...

outs/prep/7D/CSI325/gri30.prep.89.dat does not exist...

outs/prep/7D/CSI325/gri30.prep.98.dat does not exist...

outs/prep/7D/CSI331/gri30.prep.43.dat does not exist...

outs/prep/7D/CSI331/gri30.prep.84.dat does not exist...

outs/prep/7D/CSI332/gri30.prep.1.dat does not exist...

outs/prep/7D/CSI332/gri30.prep.117.dat does not exist...

outs/prep/7D/CSI332/gri30.prep.118.dat does not exist...

outs/prep/7D/CSI332/gri30.prep.196.dat does not exist...

outs/prep/7D/CSI332/gri30.prep.197.dat does not exist...

outs/prep/7D/CSI332/gri30.prep.224.dat does not exist...

outs/prep/7D/CSI332/gri30.prep.234.dat does not exist...

outs/prep/7D/CSI333/gri30.prep.40.dat does not exist...

outs/prep/7D/CSI333/gri30.prep.80.dat does not exist...

outs/prep/7D/CSI333/gri30.prep.103.dat does not exist...

outs/prep/7D/CSI333/gri30.prep.152.dat does not exist...

outs/prep/7D/CSI339/gri30.prep.219.dat does not exist...

outs/prep/7D/CSI340/gri30.prep.27.dat does not exist...

outs/prep/7D/CSI340/gri30.prep.153.dat does not exist...

outs/prep/7D/CSI341/gri30.prep.96.dat does not exist...

outs/prep/7D/CSI342/gri30.prep.54.dat does not exist...

outs/prep/7D/CSI342/gri30.prep.137.dat does not exist...

outs/prep/7D/CSI342/gri30.prep.140.dat does not exist...

outs/prep/7D/CSI342/gri30.prep.154.dat does not exist...

outs/prep/7D/CSI342/gri30.prep.216.dat does not exist...

outs/prep/7D/CSI342/gri30.prep.237.dat does not exist...

outs/prep/7D/CSI343/gri30.prep.19.dat does not exist...

outs/prep/7D/CSI343/gri30.prep.187.dat does not exist...

outs/prep/7D/CSI343/gri30.prep.238.dat does not exist...

outs/prep/7D/CSI344/gri30.prep.138.dat does not exist...

outs/prep/7D/CSI344/gri30.prep.143.dat does not exist...

outs/prep/7D/CSI344/gri30.prep.162.dat does not exist...

outs/prep/7D/CSI393/gri30.prep.178.dat does not exist...

outs/prep/7D/CSI403/gri30.prep.1.dat does not exist...

outs/prep/7D/CSI403/gri30.prep.138.dat does not exist...

outs/prep/7D/CSI403/gri30.prep.140.dat does not exist...

outs/prep/7D/CSI403/gri30.prep.188.dat does not exist...

outs/prep/7D/CSI403/gri30.prep.190.dat does not exist...

outs/prep/7D/CSI403/gri30.prep.191.dat does not exist...

outs/prep/7D/CSI403/gri30.prep.217.dat does not exist...

outs/prep/7D/CSI403/gri30.prep.225.dat does not exist...

outs/prep/7D/CSI404/gri30.prep.118.dat does not exist...

outs/prep/7D/CSI407/gri30.prep.189.dat does not exist...

outs/prep/7D/CSI408/gri30.prep.30.dat does not exist...

outs/prep/7D/CSI409/gri30.prep.121.dat does not exist...

outs/prep/7D/CSI409/gri30.prep.190.dat does not exist...

outs/prep/7D/CSI410/gri30.prep.52.dat does not exist...

outs/prep/7D/CSI415/gri30.prep.236.dat does not exist...

outs/prep/7D/CSI416/gri30.prep.32.dat does not exist...

outs/prep/7D/CSI416/gri30.prep.41.dat does not exist...

outs/prep/7D/CSI416/gri30.prep.58.dat does not exist...

outs/prep/7D/CSI416/gri30.prep.109.dat does not exist...

outs/prep/7D/CSI416/gri30.prep.136.dat does not exist...

outs/prep/7D/CSI416/gri30.prep.152.dat does not exist...

outs/prep/7D/CSI416/gri30.prep.224.dat does not exist...

outs/prep/7D/CSI416/gri30.prep.230.dat does not exist...

outs/prep/7D/CSI416/gri30.prep.236.dat does not exist...

outs/prep/7D/CSI416/gri30.prep.239.dat does not exist...

outs/prep/7D/CSI417/gri30.prep.4.dat does not exist...

outs/prep/7D/CSI417/gri30.prep.40.dat does not exist...

outs/prep/7D/CSI417/gri30.prep.67.dat does not exist...

outs/prep/7D/CSI417/gri30.prep.98.dat does not exist...

outs/prep/7D/CSI417/gri30.prep.144.dat does not exist...

outs/prep/7D/CSI417/gri30.prep.157.dat does not exist...

outs/prep/7D/CSI417/gri30.prep.196.dat does not exist...

outs/prep/7D/CSI417/gri30.prep.199.dat does not exist...

outs/prep/7D/CSI417/gri30.prep.200.dat does not exist...

outs/prep/7D/CSI418/gri30.prep.42.dat does not exist...

outs/prep/7D/CSI418/gri30.prep.52.dat does not exist...

outs/prep/7D/CSI418/gri30.prep.95.dat does not exist...

outs/prep/7D/CSI424/gri30.prep.79.dat does not exist...

outs/prep/7D/CSI424/gri30.prep.95.dat does not exist...

outs/prep/7D/CSI424/gri30.prep.113.dat does not exist...

outs/prep/7D/CSI424/gri30.prep.150.dat does not exist...

outs/prep/7D/CSI424/gri30.prep.157.dat does not exist...

outs/prep/7D/CSI424/gri30.prep.213.dat does not exist...

outs/prep/7D/CSI425/gri30.prep.1.dat does not exist...

outs/prep/7D/CSI425/gri30.prep.8.dat does not exist...

outs/prep/7D/CSI425/gri30.prep.20.dat does not exist...

outs/prep/7D/CSI425/gri30.prep.33.dat does not exist...

outs/prep/7D/CSI425/gri30.prep.39.dat does not exist...

outs/prep/7D/CSI425/gri30.prep.62.dat does not exist...

outs/prep/7D/CSI425/gri30.prep.109.dat does not exist...

outs/prep/7D/CSI425/gri30.prep.116.dat does not exist...

outs/prep/7D/CSI425/gri30.prep.126.dat does not exist...

outs/prep/7D/CSI425/gri30.prep.156.dat does not exist...

outs/prep/7D/CSI425/gri30.prep.182.dat does not exist...

outs/prep/7D/CSI425/gri30.prep.201.dat does not exist...

outs/prep/7D/CSI426/gri30.prep.29.dat does not exist...

outs/prep/7D/CSI426/gri30.prep.30.dat does not exist...

outs/prep/7D/CSI426/gri30.prep.33.dat does not exist...

outs/prep/7D/CSI426/gri30.prep.150.dat does not exist...

outs/prep/7D/CSI426/gri30.prep.212.dat does not exist...

outs/prep/7D/CSI426/gri30.prep.225.dat does not exist...

outs/prep/7D/CSI427/gri30.prep.70.dat does not exist...

outs/prep/7D/CSI427/gri30.prep.119.dat does not exist...

outs/prep/7D/CSI427/gri30.prep.212.dat does not exist...

outs/prep/7D/CSI427/gri30.prep.213.dat does not exist...

outs/prep/7D/CSI428/gri30.prep.1.dat does not exist...

outs/prep/7D/CSI428/gri30.prep.29.dat does not exist...

outs/prep/7D/CSI428/gri30.prep.129.dat does not exist...

outs/prep/7D/CSI428/gri30.prep.137.dat does not exist...

outs/prep/7D/CSI429/gri30.prep.84.dat does not exist...

outs/prep/7D/CSI429/gri30.prep.123.dat does not exist...

outs/prep/7D/CSI429/gri30.prep.127.dat does not exist...

outs/prep/7D/CSI429/gri30.prep.139.dat does not exist...

outs/prep/7D/CSI436/gri30.prep.202.dat does not exist...

outs/prep/7D/CSI436/gri30.prep.206.dat does not exist...

outs/prep/7D/CSI436/gri30.prep.215.dat does not exist...

outs/prep/7D/CSI436/gri30.prep.217.dat does not exist...

outs/prep/7D/CSI436/gri30.prep.233.dat does not exist...

outs/prep/7D/CSI437/gri30.prep.1.dat does not exist...

outs/prep/7D/CSI437/gri30.prep.30.dat does not exist...

outs/prep/7D/CSI437/gri30.prep.41.dat does not exist...

outs/prep/7D/CSI437/gri30.prep.60.dat does not exist...

outs/prep/7D/CSI437/gri30.prep.75.dat does not exist...

outs/prep/7D/CSI437/gri30.prep.100.dat does not exist...

outs/prep/7D/CSI437/gri30.prep.154.dat does not exist...

outs/prep/7D/CSI437/gri30.prep.173.dat does not exist...

outs/prep/7D/CSI437/gri30.prep.176.dat does not exist...

outs/prep/7D/CSI437/gri30.prep.178.dat does not exist...

outs/prep/7D/CSI437/gri30.prep.196.dat does not exist...

outs/prep/7D/CSI437/gri30.prep.198.dat does not exist...

outs/prep/7D/CSI437/gri30.prep.208.dat does not exist...

outs/prep/7D/CSI437/gri30.prep.210.dat does not exist...

outs/prep/7D/CSI437/gri30.prep.218.dat does not exist...

outs/prep/7D/CSI437/gri30.prep.229.dat does not exist...

outs/prep/7D/CSI438/gri30.prep.3.dat does not exist...

outs/prep/7D/CSI438/gri30.prep.20.dat does not exist...

outs/prep/7D/CSI438/gri30.prep.54.dat does not exist...

outs/prep/7D/CSI438/gri30.prep.66.dat does not exist...

outs/prep/7D/CSI438/gri30.prep.67.dat does not exist...

outs/prep/7D/CSI438/gri30.prep.82.dat does not exist...

outs/prep/7D/CSI438/gri30.prep.103.dat does not exist...

outs/prep/7D/CSI438/gri30.prep.136.dat does not exist...

outs/prep/7D/CSI438/gri30.prep.138.dat does not exist...

outs/prep/7D/CSI438/gri30.prep.148.dat does not exist...

outs/prep/7D/CSI438/gri30.prep.150.dat does not exist...

outs/prep/7D/CSI438/gri30.prep.167.dat does not exist...

outs/prep/7D/CSI438/gri30.prep.183.dat does not exist...

outs/prep/7D/CSI438/gri30.prep.187.dat does not exist...

outs/prep/7D/CSI438/gri30.prep.198.dat does not exist...

outs/prep/7D/CSI438/gri30.prep.200.dat does not exist...

outs/prep/7D/CSI438/gri30.prep.219.dat does not exist...

outs/prep/7D/CSI439/gri30.prep.7.dat does not exist...

outs/prep/7D/CSI439/gri30.prep.9.dat does not exist...

outs/prep/7D/CSI439/gri30.prep.13.dat does not exist...

outs/prep/7D/CSI439/gri30.prep.44.dat does not exist...

outs/prep/7D/CSI439/gri30.prep.46.dat does not exist...

outs/prep/7D/CSI439/gri30.prep.69.dat does not exist...

outs/prep/7D/CSI439/gri30.prep.89.dat does not exist...

outs/prep/7D/CSI439/gri30.prep.90.dat does not exist...

outs/prep/7D/CSI439/gri30.prep.99.dat does not exist...

outs/prep/7D/CSI439/gri30.prep.116.dat does not exist...

outs/prep/7D/CSI439/gri30.prep.132.dat does not exist...

outs/prep/7D/CSI439/gri30.prep.133.dat does not exist...

outs/prep/7D/CSI439/gri30.prep.137.dat does not exist...

outs/prep/7D/CSI439/gri30.prep.154.dat does not exist...

outs/prep/7D/CSI445/gri30.prep.45.dat does not exist...

outs/prep/7D/CSI445/gri30.prep.76.dat does not exist...

outs/prep/7D/CSI445/gri30.prep.81.dat does not exist...

outs/prep/7D/CSI445/gri30.prep.84.dat does not exist...

outs/prep/7D/CSI445/gri30.prep.100.dat does not exist...

outs/prep/7D/CSI445/gri30.prep.129.dat does not exist...

outs/prep/7D/CSI445/gri30.prep.134.dat does not exist...

outs/prep/7D/CSI445/gri30.prep.172.dat does not exist...

outs/prep/7D/CSI445/gri30.prep.214.dat does not exist...

outs/prep/7D/CSI446/gri30.prep.16.dat does not exist...

outs/prep/7D/CSI446/gri30.prep.80.dat does not exist...

outs/prep/7D/CSI446/gri30.prep.109.dat does not exist...

outs/prep/7D/CSI446/gri30.prep.128.dat does not exist...

outs/prep/7D/CSI446/gri30.prep.132.dat does not exist...

outs/prep/7D/CSI447/gri30.prep.20.dat does not exist...

outs/prep/7D/CSI447/gri30.prep.34.dat does not exist...

outs/prep/7D/CSI447/gri30.prep.89.dat does not exist...

outs/prep/7D/CSI447/gri30.prep.97.dat does not exist...

outs/prep/7D/CSI447/gri30.prep.196.dat does not exist...

outs/prep/7D/CSI447/gri30.prep.200.dat does not exist...

outs/prep/7D/CSI447/gri30.prep.224.dat does not exist...

outs/prep/7D/CSI448/gri30.prep.19.dat does not exist...

outs/prep/7D/CSI448/gri30.prep.42.dat does not exist...

outs/prep/7D/CSI448/gri30.prep.45.dat does not exist...

outs/prep/7D/CSI448/gri30.prep.125.dat does not exist...

outs/prep/7D/CSI448/gri30.prep.126.dat does not exist...

outs/prep/7D/CSI448/gri30.prep.129.dat does not exist...

outs/prep/7D/CSI448/gri30.prep.132.dat does not exist...

outs/prep/7D/CSI448/gri30.prep.143.dat does not exist...

outs/prep/7D/CSI448/gri30.prep.160.dat does not exist...

outs/prep/7D/CSI448/gri30.prep.171.dat does not exist...

outs/prep/7D/CSI448/gri30.prep.172.dat does not exist...

outs/prep/7D/CSI448/gri30.prep.178.dat does not exist...

outs/prep/7D/CSI448/gri30.prep.203.dat does not exist...

outs/prep/7D/CSI448/gri30.prep.205.dat does not exist...

outs/prep/7D/CSI448/gri30.prep.221.dat does not exist...

outs/prep/7D/CSI449/gri30.prep.47.dat does not exist...

outs/prep/7D/CSI449/gri30.prep.55.dat does not exist...

outs/prep/7D/CSI449/gri30.prep.98.dat does not exist...

outs/prep/7D/CSI449/gri30.prep.99.dat does not exist...

outs/prep/7D/CSI449/gri30.prep.137.dat does not exist...

outs/prep/7D/CSI449/gri30.prep.148.dat does not exist...

outs/prep/7D/CSI449/gri30.prep.165.dat does not exist...

outs/prep/7D/CSI449/gri30.prep.167.dat does not exist...

outs/prep/7D/CSI449/gri30.prep.180.dat does not exist...

outs/prep/7D/CSI449/gri30.prep.188.dat does not exist...

outs/prep/7D/CSI449/gri30.prep.226.dat does not exist...

outs/prep/7D/CSI450/gri30.prep.13.dat does not exist...

outs/prep/7D/CSI450/gri30.prep.36.dat does not exist...

outs/prep/7D/CSI450/gri30.prep.123.dat does not exist...

outs/prep/7D/CSI457/gri30.prep.185.dat does not exist...

outs/prep/7D/CSI457/gri30.prep.219.dat does not exist...

outs/prep/7D/CSI457/gri30.prep.234.dat does not exist...

outs/prep/7D/CSI458/gri30.prep.21.dat does not exist...

outs/prep/7D/CSI458/gri30.prep.175.dat does not exist...

outs/prep/7D/CSI458/gri30.prep.200.dat does not exist...

outs/prep/7D/CSI459/gri30.prep.1.dat does not exist...

outs/prep/7D/CSI459/gri30.prep.121.dat does not exist...

outs/prep/7D/CSI459/gri30.prep.122.dat does not exist...

outs/prep/7D/CSI459/gri30.prep.124.dat does not exist...

outs/prep/7D/CSI459/gri30.prep.143.dat does not exist...

outs/prep/7D/CSI459/gri30.prep.204.dat does not exist...

outs/prep/7D/CSI460/gri30.prep.23.dat does not exist...

outs/prep/7D/CSI460/gri30.prep.90.dat does not exist...

outs/prep/7D/CSI460/gri30.prep.93.dat does not exist...

outs/prep/7D/CSI460/gri30.prep.100.dat does not exist...

outs/prep/7D/CSI460/gri30.prep.109.dat does not exist...

outs/prep/7D/CSI460/gri30.prep.158.dat does not exist...

outs/prep/7D/CSI460/gri30.prep.211.dat does not exist...

outs/prep/7D/CSI460/gri30.prep.215.dat does not exist...

outs/prep/7D/CSI460/gri30.prep.232.dat does not exist...

outs/prep/7D/CSI460/gri30.prep.235.dat does not exist...

outs/prep/7D/CSI461/gri30.prep.75.dat does not exist...

outs/prep/7D/CSI461/gri30.prep.128.dat does not exist...

outs/prep/7D/CSI461/gri30.prep.153.dat does not exist...

outs/prep/7D/CSI461/gri30.prep.193.dat does not exist...

outs/prep/7D/CSI462/gri30.prep.18.dat does not exist...

outs/prep/7D/CSI462/gri30.prep.19.dat does not exist...

outs/prep/7D/CSI462/gri30.prep.73.dat does not exist...

outs/prep/7D/CSI462/gri30.prep.145.dat does not exist...

outs/prep/7D/CSI462/gri30.prep.211.dat does not exist...

outs/prep/7D/CSI462/gri30.prep.212.dat does not exist...

outs/prep/7D/CSI470/gri30.prep.127.dat does not exist...

outs/prep/7D/CSI470/gri30.prep.235.dat does not exist...

outs/prep/7D/CSI471/gri30.prep.16.dat does not exist...

outs/prep/7D/CSI471/gri30.prep.79.dat does not exist...

outs/prep/7D/CSI471/gri30.prep.170.dat does not exist...

outs/prep/7D/CSI471/gri30.prep.178.dat does not exist...

outs/prep/7D/CSI472/gri30.prep.117.dat does not exist...

outs/prep/7D/CSI472/gri30.prep.126.dat does not exist...

outs/prep/7D/CSI473/gri30.prep.80.dat does not exist...

outs/prep/7D/CSI473/gri30.prep.221.dat does not exist...

outs/prep/7D/CSI474/gri30.prep.7.dat does not exist...

outs/prep/7D/CSI474/gri30.prep.8.dat does not exist...

outs/prep/7D/CSI474/gri30.prep.35.dat does not exist...

outs/prep/7D/CSI474/gri30.prep.104.dat does not exist...

outs/prep/7D/CSI474/gri30.prep.160.dat does not exist...

outs/prep/7D/CSI474/gri30.prep.177.dat does not exist...

outs/prep/7D/CSI475/gri30.prep.173.dat does not exist...

outs/prep/7D/CSI475/gri30.prep.175.dat does not exist...

outs/prep/7D/CSI475/gri30.prep.193.dat does not exist...

outs/prep/7D/CSI476/gri30.prep.20.dat does not exist...

H2	O2	OH	CH	CH2(S)	CH3	CH4		3.09526e+07
H2	O2	OH	CH	CH3	CH4	HCO		2.25595e+06
H2	O2	OH	CH	CH2	CH3	CH4		2.22646e+06
H2	O2	OH	C	CH3	CH4	CH3OH		2.12621e+06
H2	O2	OH	C	CH3	CH4	HCO		1.92023e+06
H2	O2	OH	CH2	CH3	CH4	HCO		1.11712e+06
H2	O2	OH	H2O2	CH3	CH4	CH3OH		851904
H2	O2	OH	C	CH2(S)	CH3	CH4		656310
H2	O	O2	HO2	H2O2	CH3	CH4		597331
H2	O2	OH	H2O2	C	CH3	CH4		562430
H2	O2	OH	H2O2	CH3	CH4	CH2OH		520751
H2	O2	OH	CH3	CH4	HCO	CH2OH		478001
H2	O2	OH	C	CH3	CH4	CH2OH		469330
H2	O2	OH	CH3	CH4	HCO	CH3OH		468724
H2	O2	OH	H2O2	CH	CH3	CH4		466043
H2	O2	OH	CH2(S)	CH3	CH4	CH2OH		387697
H2	O2	OH	H2O2	CH3	CH4	HCO		325657
H2	O2	OH	CH2	CH3	CH4	CH2OH		300722
H2	O	O2	HO2	CH3	CH4	CH3OH		292956
H2	O2	OH	C	CH2	CH3	CH4		263340
H2	O2	OH	H2O2	CH2(S)	CH3	CH4		261626
H2	O	O2	HO2	CH3	CH4	CH2OH		253563
H2	O2	OH	CH2(S)	CH3	CH4	CH3OH		251443
H2	O	O2	HO2	CH2	CH3	CH4		240845
H2	O	O2	HO2	CH3	CH4	HCO		231449
H2	O2	OH	CH2	CH3	CH4	CH3OH		218532
H2	O2	OH	H2O2	CH2	CH3	CH4		207186
H2	O	O2	HO2	CH2(S)	CH3	CH4		194381
H2	O2	OH	CH3	CH4	CH2OH	CH3OH		181559
H2	O2	OH	C	CH	CH3	CH4		167412

7	
----------------------------------------
Begin Torque Epilogue (Tue Jan 17 11:30:59 2017)
Job ID:           5355317.cc-mgmt1.campuscluster.illinois.edu
Username:         csnrsgr2
Group:            mechse_jbfreund
Job Name:         PostProc.7
Session:          10877
Limits:           neednodes=1:ppn=1,nodes=1:ppn=1,walltime=00:05:00
Resources:        cput=00:00:15,energy_used=0,mem=19256kb,vmem=116552kb,walltime=00:03:23
Job Queue:        test
Account:          mechse
Nodes:            taub217
End Torque Epilogue
----------------------------------------
